CRITICAL - 2024-10-16 19:29:02 --> Invalid file: modelos templates/modelo_header_footer.php
#0 D:\TCC\TCC\vendor\codeigniter4\framework\system\View\View.php(198): CodeIgniter\Exceptions\FrameworkException::forInvalidFile('modelos templat...')
#1 D:\TCC\TCC\vendor\codeigniter4\framework\system\View\View.php(226): CodeIgniter\View\View->render('modelos templat...', Array, true)
#2 D:\TCC\TCC\vendor\codeigniter4\framework\system\Common.php(1089): CodeIgniter\View\View->render('welcome_message', Array, true)
#3 D:\TCC\TCC\app\Controllers\Home.php(9): view('welcome_message')
#4 D:\TCC\TCC\vendor\codeigniter4\framework\system\CodeIgniter.php(832): App\Controllers\Home->index()
#5 D:\TCC\TCC\vendor\codeigniter4\framework\system\CodeIgniter.php(419): CodeIgniter\CodeIgniter->runController(Object(App\Controllers\Home))
#6 D:\TCC\TCC\vendor\codeigniter4\framework\system\CodeIgniter.php(326): CodeIgniter\CodeIgniter->handleRequest(NULL, Object(Config\Cache), false)
#7 D:\TCC\TCC\public\index.php(37): CodeIgniter\CodeIgniter->run()
#8 D:\TCC\TCC\vendor\codeigniter4\framework\system\Commands\Server\rewrite.php(43): require_once('D:\\TCC\\TCC\\publ...')
#9 {main}
CRITICAL - 2024-10-16 19:30:38 --> Invalid file: modelos templates/modelo_header_footer.php
#0 D:\TCC\TCC\vendor\codeigniter4\framework\system\View\View.php(198): CodeIgniter\Exceptions\FrameworkException::forInvalidFile('modelos templat...')
#1 D:\TCC\TCC\vendor\codeigniter4\framework\system\View\View.php(226): CodeIgniter\View\View->render('modelos templat...', Array, true)
#2 D:\TCC\TCC\vendor\codeigniter4\framework\system\Common.php(1089): CodeIgniter\View\View->render('welcome_message', Array, true)
#3 D:\TCC\TCC\app\Controllers\Home.php(9): view('welcome_message')
#4 D:\TCC\TCC\vendor\codeigniter4\framework\system\CodeIgniter.php(832): App\Controllers\Home->index()
#5 D:\TCC\TCC\vendor\codeigniter4\framework\system\CodeIgniter.php(419): CodeIgniter\CodeIgniter->runController(Object(App\Controllers\Home))
#6 D:\TCC\TCC\vendor\codeigniter4\framework\system\CodeIgniter.php(326): CodeIgniter\CodeIgniter->handleRequest(NULL, Object(Config\Cache), false)
#7 D:\TCC\TCC\public\index.php(37): CodeIgniter\CodeIgniter->run()
#8 D:\TCC\TCC\vendor\codeigniter4\framework\system\Commands\Server\rewrite.php(43): require_once('D:\\TCC\\TCC\\publ...')
#9 {main}
CRITICAL - 2024-10-16 19:31:05 --> Invalid file: modelos templates/modelo_header_footer.php
#0 D:\TCC\TCC\vendor\codeigniter4\framework\system\View\View.php(198): CodeIgniter\Exceptions\FrameworkException::forInvalidFile('modelos templat...')
#1 D:\TCC\TCC\vendor\codeigniter4\framework\system\View\View.php(226): CodeIgniter\View\View->render('modelos templat...', Array, true)
#2 D:\TCC\TCC\vendor\codeigniter4\framework\system\Common.php(1089): CodeIgniter\View\View->render('welcome_message', Array, true)
#3 D:\TCC\TCC\app\Controllers\Home.php(9): view('welcome_message')
#4 D:\TCC\TCC\vendor\codeigniter4\framework\system\CodeIgniter.php(832): App\Controllers\Home->index()
#5 D:\TCC\TCC\vendor\codeigniter4\framework\system\CodeIgniter.php(419): CodeIgniter\CodeIgniter->runController(Object(App\Controllers\Home))
#6 D:\TCC\TCC\vendor\codeigniter4\framework\system\CodeIgniter.php(326): CodeIgniter\CodeIgniter->handleRequest(NULL, Object(Config\Cache), false)
#7 D:\TCC\TCC\public\index.php(37): CodeIgniter\CodeIgniter->run()
#8 D:\TCC\TCC\vendor\codeigniter4\framework\system\Commands\Server\rewrite.php(43): require_once('D:\\TCC\\TCC\\publ...')
#9 {main}
CRITICAL - 2024-10-16 19:31:05 --> Invalid file: modelos templates/modelo_header_footer.php
#0 D:\TCC\TCC\vendor\codeigniter4\framework\system\View\View.php(198): CodeIgniter\Exceptions\FrameworkException::forInvalidFile('modelos templat...')
#1 D:\TCC\TCC\vendor\codeigniter4\framework\system\View\View.php(226): CodeIgniter\View\View->render('modelos templat...', Array, true)
#2 D:\TCC\TCC\vendor\codeigniter4\framework\system\Common.php(1089): CodeIgniter\View\View->render('welcome_message', Array, true)
#3 D:\TCC\TCC\app\Controllers\Home.php(9): view('welcome_message')
#4 D:\TCC\TCC\vendor\codeigniter4\framework\system\CodeIgniter.php(832): App\Controllers\Home->index()
#5 D:\TCC\TCC\vendor\codeigniter4\framework\system\CodeIgniter.php(419): CodeIgniter\CodeIgniter->runController(Object(App\Controllers\Home))
#6 D:\TCC\TCC\vendor\codeigniter4\framework\system\CodeIgniter.php(326): CodeIgniter\CodeIgniter->handleRequest(NULL, Object(Config\Cache), false)
#7 D:\TCC\TCC\public\index.php(37): CodeIgniter\CodeIgniter->run()
#8 D:\TCC\TCC\vendor\codeigniter4\framework\system\Commands\Server\rewrite.php(43): require_once('D:\\TCC\\TCC\\publ...')
#9 {main}
CRITICAL - 2024-10-16 20:09:48 --> Invalid file: nossa_historia.php
#0 D:\TCC\TCC\vendor\codeigniter4\framework\system\View\View.php(198): CodeIgniter\Exceptions\FrameworkException::forInvalidFile('nossa_historia....')
#1 D:\TCC\TCC\vendor\codeigniter4\framework\system\Common.php(1089): CodeIgniter\View\View->render('nossa_historia', Array, true)
#2 D:\TCC\TCC\app\Controllers\sobre_nos.php(11): view('nossa_historia')
#3 D:\TCC\TCC\vendor\codeigniter4\framework\system\CodeIgniter.php(832): App\Controllers\sobre_nos->index()
#4 D:\TCC\TCC\vendor\codeigniter4\framework\system\CodeIgniter.php(419): CodeIgniter\CodeIgniter->runController(Object(App\Controllers\sobre_nos))
#5 D:\TCC\TCC\vendor\codeigniter4\framework\system\CodeIgniter.php(326): CodeIgniter\CodeIgniter->handleRequest(NULL, Object(Config\Cache), false)
#6 D:\TCC\TCC\public\index.php(37): CodeIgniter\CodeIgniter->run()
#7 D:\TCC\TCC\vendor\codeigniter4\framework\system\Commands\Server\rewrite.php(43): require_once('D:\\TCC\\TCC\\publ...')
#8 {main}
