CRITICAL - 2024-10-21 18:31:42 --> Class 'App\Controllers\ProdutoModel' not found
#0 F:\TCC\TCC\vendor\codeigniter4\framework\system\CodeIgniter.php(832): App\Controllers\ProdutoController->salvar()
#1 F:\TCC\TCC\vendor\codeigniter4\framework\system\CodeIgniter.php(419): CodeIgniter\CodeIgniter->runController(Object(App\Controllers\ProdutoController))
#2 F:\TCC\TCC\vendor\codeigniter4\framework\system\CodeIgniter.php(326): CodeIgniter\CodeIgniter->handleRequest(NULL, Object(Config\Cache), false)
#3 F:\TCC\TCC\public\index.php(37): CodeIgniter\CodeIgniter->run()
#4 F:\TCC\TCC\vendor\codeigniter4\framework\system\Commands\Server\rewrite.php(43): require_once('F:\\TCC\\TCC\\publ...')
#5 {main}
CRITICAL - 2024-10-21 20:03:01 --> Undefined variable: produtos
#0 F:\TCC\TCC\app\Views\pagina_produtos.php(35): CodeIgniter\Debug\Exceptions->errorHandler(8, 'Undefined varia...', 'F:\\TCC\\TCC\\app\\...', 35, Array)
#1 F:\TCC\TCC\vendor\codeigniter4\framework\system\View\View.php(210): include('F:\\TCC\\TCC\\app\\...')
#2 F:\TCC\TCC\vendor\codeigniter4\framework\system\View\View.php(213): CodeIgniter\View\View->CodeIgniter\View\{closure}()
#3 F:\TCC\TCC\vendor\codeigniter4\framework\system\Common.php(1089): CodeIgniter\View\View->render('pagina_produtos', Array, true)
#4 F:\TCC\TCC\app\Controllers\Produtos.php(11): view('pagina_produtos')
#5 F:\TCC\TCC\vendor\codeigniter4\framework\system\CodeIgniter.php(832): App\Controllers\Produtos->index()
#6 F:\TCC\TCC\vendor\codeigniter4\framework\system\CodeIgniter.php(419): CodeIgniter\CodeIgniter->runController(Object(App\Controllers\Produtos))
#7 F:\TCC\TCC\vendor\codeigniter4\framework\system\CodeIgniter.php(326): CodeIgniter\CodeIgniter->handleRequest(NULL, Object(Config\Cache), false)
#8 F:\TCC\TCC\public\index.php(37): CodeIgniter\CodeIgniter->run()
#9 F:\TCC\TCC\vendor\codeigniter4\framework\system\Commands\Server\rewrite.php(43): require_once('F:\\TCC\\TCC\\publ...')
#10 {main}
CRITICAL - 2024-10-21 20:06:01 --> Undefined variable: produtos
#0 F:\TCC\TCC\app\Views\pagina_produtos.php(35): CodeIgniter\Debug\Exceptions->errorHandler(8, 'Undefined varia...', 'F:\\TCC\\TCC\\app\\...', 35, Array)
#1 F:\TCC\TCC\vendor\codeigniter4\framework\system\View\View.php(210): include('F:\\TCC\\TCC\\app\\...')
#2 F:\TCC\TCC\vendor\codeigniter4\framework\system\View\View.php(213): CodeIgniter\View\View->CodeIgniter\View\{closure}()
#3 F:\TCC\TCC\vendor\codeigniter4\framework\system\Common.php(1089): CodeIgniter\View\View->render('pagina_produtos', Array, true)
#4 F:\TCC\TCC\app\Controllers\Produtos.php(11): view('pagina_produtos')
#5 F:\TCC\TCC\vendor\codeigniter4\framework\system\CodeIgniter.php(832): App\Controllers\Produtos->index()
#6 F:\TCC\TCC\vendor\codeigniter4\framework\system\CodeIgniter.php(419): CodeIgniter\CodeIgniter->runController(Object(App\Controllers\Produtos))
#7 F:\TCC\TCC\vendor\codeigniter4\framework\system\CodeIgniter.php(326): CodeIgniter\CodeIgniter->handleRequest(NULL, Object(Config\Cache), false)
#8 F:\TCC\TCC\public\index.php(37): CodeIgniter\CodeIgniter->run()
#9 F:\TCC\TCC\vendor\codeigniter4\framework\system\Commands\Server\rewrite.php(43): require_once('F:\\TCC\\TCC\\publ...')
#10 {main}
CRITICAL - 2024-10-21 20:06:02 --> Undefined variable: produtos
#0 F:\TCC\TCC\app\Views\pagina_produtos.php(35): CodeIgniter\Debug\Exceptions->errorHandler(8, 'Undefined varia...', 'F:\\TCC\\TCC\\app\\...', 35, Array)
#1 F:\TCC\TCC\vendor\codeigniter4\framework\system\View\View.php(210): include('F:\\TCC\\TCC\\app\\...')
#2 F:\TCC\TCC\vendor\codeigniter4\framework\system\View\View.php(213): CodeIgniter\View\View->CodeIgniter\View\{closure}()
#3 F:\TCC\TCC\vendor\codeigniter4\framework\system\Common.php(1089): CodeIgniter\View\View->render('pagina_produtos', Array, true)
#4 F:\TCC\TCC\app\Controllers\Produtos.php(11): view('pagina_produtos')
#5 F:\TCC\TCC\vendor\codeigniter4\framework\system\CodeIgniter.php(832): App\Controllers\Produtos->index()
#6 F:\TCC\TCC\vendor\codeigniter4\framework\system\CodeIgniter.php(419): CodeIgniter\CodeIgniter->runController(Object(App\Controllers\Produtos))
#7 F:\TCC\TCC\vendor\codeigniter4\framework\system\CodeIgniter.php(326): CodeIgniter\CodeIgniter->handleRequest(NULL, Object(Config\Cache), false)
#8 F:\TCC\TCC\public\index.php(37): CodeIgniter\CodeIgniter->run()
#9 F:\TCC\TCC\vendor\codeigniter4\framework\system\Commands\Server\rewrite.php(43): require_once('F:\\TCC\\TCC\\publ...')
#10 {main}
CRITICAL - 2024-10-21 20:06:02 --> Undefined variable: produtos
#0 F:\TCC\TCC\app\Views\pagina_produtos.php(35): CodeIgniter\Debug\Exceptions->errorHandler(8, 'Undefined varia...', 'F:\\TCC\\TCC\\app\\...', 35, Array)
#1 F:\TCC\TCC\vendor\codeigniter4\framework\system\View\View.php(210): include('F:\\TCC\\TCC\\app\\...')
#2 F:\TCC\TCC\vendor\codeigniter4\framework\system\View\View.php(213): CodeIgniter\View\View->CodeIgniter\View\{closure}()
#3 F:\TCC\TCC\vendor\codeigniter4\framework\system\Common.php(1089): CodeIgniter\View\View->render('pagina_produtos', Array, true)
#4 F:\TCC\TCC\app\Controllers\Produtos.php(11): view('pagina_produtos')
#5 F:\TCC\TCC\vendor\codeigniter4\framework\system\CodeIgniter.php(832): App\Controllers\Produtos->index()
#6 F:\TCC\TCC\vendor\codeigniter4\framework\system\CodeIgniter.php(419): CodeIgniter\CodeIgniter->runController(Object(App\Controllers\Produtos))
#7 F:\TCC\TCC\vendor\codeigniter4\framework\system\CodeIgniter.php(326): CodeIgniter\CodeIgniter->handleRequest(NULL, Object(Config\Cache), false)
#8 F:\TCC\TCC\public\index.php(37): CodeIgniter\CodeIgniter->run()
#9 F:\TCC\TCC\vendor\codeigniter4\framework\system\Commands\Server\rewrite.php(43): require_once('F:\\TCC\\TCC\\publ...')
#10 {main}
CRITICAL - 2024-10-21 20:06:51 --> Undefined variable: produtos
#0 F:\TCC\TCC\app\Views\pagina_produtos.php(35): CodeIgniter\Debug\Exceptions->errorHandler(8, 'Undefined varia...', 'F:\\TCC\\TCC\\app\\...', 35, Array)
#1 F:\TCC\TCC\vendor\codeigniter4\framework\system\View\View.php(210): include('F:\\TCC\\TCC\\app\\...')
#2 F:\TCC\TCC\vendor\codeigniter4\framework\system\View\View.php(213): CodeIgniter\View\View->CodeIgniter\View\{closure}()
#3 F:\TCC\TCC\vendor\codeigniter4\framework\system\Common.php(1089): CodeIgniter\View\View->render('pagina_produtos', Array, true)
#4 F:\TCC\TCC\app\Controllers\Produtos.php(11): view('pagina_produtos')
#5 F:\TCC\TCC\vendor\codeigniter4\framework\system\CodeIgniter.php(832): App\Controllers\Produtos->index()
#6 F:\TCC\TCC\vendor\codeigniter4\framework\system\CodeIgniter.php(419): CodeIgniter\CodeIgniter->runController(Object(App\Controllers\Produtos))
#7 F:\TCC\TCC\vendor\codeigniter4\framework\system\CodeIgniter.php(326): CodeIgniter\CodeIgniter->handleRequest(NULL, Object(Config\Cache), false)
#8 F:\TCC\TCC\public\index.php(37): CodeIgniter\CodeIgniter->run()
#9 F:\TCC\TCC\vendor\codeigniter4\framework\system\Commands\Server\rewrite.php(43): require_once('F:\\TCC\\TCC\\publ...')
#10 {main}
CRITICAL - 2024-10-21 20:06:56 --> Undefined variable: produtos
#0 F:\TCC\TCC\app\Views\pagina_produtos.php(35): CodeIgniter\Debug\Exceptions->errorHandler(8, 'Undefined varia...', 'F:\\TCC\\TCC\\app\\...', 35, Array)
#1 F:\TCC\TCC\vendor\codeigniter4\framework\system\View\View.php(210): include('F:\\TCC\\TCC\\app\\...')
#2 F:\TCC\TCC\vendor\codeigniter4\framework\system\View\View.php(213): CodeIgniter\View\View->CodeIgniter\View\{closure}()
#3 F:\TCC\TCC\vendor\codeigniter4\framework\system\Common.php(1089): CodeIgniter\View\View->render('pagina_produtos', Array, true)
#4 F:\TCC\TCC\app\Controllers\Produtos.php(11): view('pagina_produtos')
#5 F:\TCC\TCC\vendor\codeigniter4\framework\system\CodeIgniter.php(832): App\Controllers\Produtos->index()
#6 F:\TCC\TCC\vendor\codeigniter4\framework\system\CodeIgniter.php(419): CodeIgniter\CodeIgniter->runController(Object(App\Controllers\Produtos))
#7 F:\TCC\TCC\vendor\codeigniter4\framework\system\CodeIgniter.php(326): CodeIgniter\CodeIgniter->handleRequest(NULL, Object(Config\Cache), false)
#8 F:\TCC\TCC\public\index.php(37): CodeIgniter\CodeIgniter->run()
#9 F:\TCC\TCC\vendor\codeigniter4\framework\system\Commands\Server\rewrite.php(43): require_once('F:\\TCC\\TCC\\publ...')
#10 {main}
CRITICAL - 2024-10-21 20:13:37 --> Undefined variable: produtos
#0 F:\TCC\TCC\app\Views\pagina_produtos.php(35): CodeIgniter\Debug\Exceptions->errorHandler(8, 'Undefined varia...', 'F:\\TCC\\TCC\\app\\...', 35, Array)
#1 F:\TCC\TCC\vendor\codeigniter4\framework\system\View\View.php(210): include('F:\\TCC\\TCC\\app\\...')
#2 F:\TCC\TCC\vendor\codeigniter4\framework\system\View\View.php(213): CodeIgniter\View\View->CodeIgniter\View\{closure}()
#3 F:\TCC\TCC\vendor\codeigniter4\framework\system\Common.php(1089): CodeIgniter\View\View->render('pagina_produtos', Array, true)
#4 F:\TCC\TCC\app\Controllers\Produtos.php(11): view('pagina_produtos')
#5 F:\TCC\TCC\vendor\codeigniter4\framework\system\CodeIgniter.php(832): App\Controllers\Produtos->index()
#6 F:\TCC\TCC\vendor\codeigniter4\framework\system\CodeIgniter.php(419): CodeIgniter\CodeIgniter->runController(Object(App\Controllers\Produtos))
#7 F:\TCC\TCC\vendor\codeigniter4\framework\system\CodeIgniter.php(326): CodeIgniter\CodeIgniter->handleRequest(NULL, Object(Config\Cache), false)
#8 F:\TCC\TCC\public\index.php(37): CodeIgniter\CodeIgniter->run()
#9 F:\TCC\TCC\vendor\codeigniter4\framework\system\Commands\Server\rewrite.php(43): require_once('F:\\TCC\\TCC\\publ...')
#10 {main}
CRITICAL - 2024-10-21 20:13:42 --> Undefined variable: produtos
#0 F:\TCC\TCC\app\Views\pagina_produtos.php(35): CodeIgniter\Debug\Exceptions->errorHandler(8, 'Undefined varia...', 'F:\\TCC\\TCC\\app\\...', 35, Array)
#1 F:\TCC\TCC\vendor\codeigniter4\framework\system\View\View.php(210): include('F:\\TCC\\TCC\\app\\...')
#2 F:\TCC\TCC\vendor\codeigniter4\framework\system\View\View.php(213): CodeIgniter\View\View->CodeIgniter\View\{closure}()
#3 F:\TCC\TCC\vendor\codeigniter4\framework\system\Common.php(1089): CodeIgniter\View\View->render('pagina_produtos', Array, true)
#4 F:\TCC\TCC\app\Controllers\Produtos.php(11): view('pagina_produtos')
#5 F:\TCC\TCC\vendor\codeigniter4\framework\system\CodeIgniter.php(832): App\Controllers\Produtos->index()
#6 F:\TCC\TCC\vendor\codeigniter4\framework\system\CodeIgniter.php(419): CodeIgniter\CodeIgniter->runController(Object(App\Controllers\Produtos))
#7 F:\TCC\TCC\vendor\codeigniter4\framework\system\CodeIgniter.php(326): CodeIgniter\CodeIgniter->handleRequest(NULL, Object(Config\Cache), false)
#8 F:\TCC\TCC\public\index.php(37): CodeIgniter\CodeIgniter->run()
#9 F:\TCC\TCC\vendor\codeigniter4\framework\system\Commands\Server\rewrite.php(43): require_once('F:\\TCC\\TCC\\publ...')
#10 {main}
CRITICAL - 2024-10-21 20:13:58 --> Undefined variable: produtos
#0 F:\TCC\TCC\app\Views\pagina_produtos.php(35): CodeIgniter\Debug\Exceptions->errorHandler(8, 'Undefined varia...', 'F:\\TCC\\TCC\\app\\...', 35, Array)
#1 F:\TCC\TCC\vendor\codeigniter4\framework\system\View\View.php(210): include('F:\\TCC\\TCC\\app\\...')
#2 F:\TCC\TCC\vendor\codeigniter4\framework\system\View\View.php(213): CodeIgniter\View\View->CodeIgniter\View\{closure}()
#3 F:\TCC\TCC\vendor\codeigniter4\framework\system\Common.php(1089): CodeIgniter\View\View->render('pagina_produtos', Array, true)
#4 F:\TCC\TCC\app\Controllers\Produtos.php(11): view('pagina_produtos')
#5 F:\TCC\TCC\vendor\codeigniter4\framework\system\CodeIgniter.php(832): App\Controllers\Produtos->index()
#6 F:\TCC\TCC\vendor\codeigniter4\framework\system\CodeIgniter.php(419): CodeIgniter\CodeIgniter->runController(Object(App\Controllers\Produtos))
#7 F:\TCC\TCC\vendor\codeigniter4\framework\system\CodeIgniter.php(326): CodeIgniter\CodeIgniter->handleRequest(NULL, Object(Config\Cache), false)
#8 F:\TCC\TCC\public\index.php(37): CodeIgniter\CodeIgniter->run()
#9 F:\TCC\TCC\vendor\codeigniter4\framework\system\Commands\Server\rewrite.php(43): require_once('F:\\TCC\\TCC\\publ...')
#10 {main}
CRITICAL - 2024-10-21 20:13:59 --> Undefined variable: produtos
#0 F:\TCC\TCC\app\Views\pagina_produtos.php(35): CodeIgniter\Debug\Exceptions->errorHandler(8, 'Undefined varia...', 'F:\\TCC\\TCC\\app\\...', 35, Array)
#1 F:\TCC\TCC\vendor\codeigniter4\framework\system\View\View.php(210): include('F:\\TCC\\TCC\\app\\...')
#2 F:\TCC\TCC\vendor\codeigniter4\framework\system\View\View.php(213): CodeIgniter\View\View->CodeIgniter\View\{closure}()
#3 F:\TCC\TCC\vendor\codeigniter4\framework\system\Common.php(1089): CodeIgniter\View\View->render('pagina_produtos', Array, true)
#4 F:\TCC\TCC\app\Controllers\Produtos.php(11): view('pagina_produtos')
#5 F:\TCC\TCC\vendor\codeigniter4\framework\system\CodeIgniter.php(832): App\Controllers\Produtos->index()
#6 F:\TCC\TCC\vendor\codeigniter4\framework\system\CodeIgniter.php(419): CodeIgniter\CodeIgniter->runController(Object(App\Controllers\Produtos))
#7 F:\TCC\TCC\vendor\codeigniter4\framework\system\CodeIgniter.php(326): CodeIgniter\CodeIgniter->handleRequest(NULL, Object(Config\Cache), false)
#8 F:\TCC\TCC\public\index.php(37): CodeIgniter\CodeIgniter->run()
#9 F:\TCC\TCC\vendor\codeigniter4\framework\system\Commands\Server\rewrite.php(43): require_once('F:\\TCC\\TCC\\publ...')
#10 {main}
CRITICAL - 2024-10-21 20:13:59 --> Undefined variable: produtos
#0 F:\TCC\TCC\app\Views\pagina_produtos.php(35): CodeIgniter\Debug\Exceptions->errorHandler(8, 'Undefined varia...', 'F:\\TCC\\TCC\\app\\...', 35, Array)
#1 F:\TCC\TCC\vendor\codeigniter4\framework\system\View\View.php(210): include('F:\\TCC\\TCC\\app\\...')
#2 F:\TCC\TCC\vendor\codeigniter4\framework\system\View\View.php(213): CodeIgniter\View\View->CodeIgniter\View\{closure}()
#3 F:\TCC\TCC\vendor\codeigniter4\framework\system\Common.php(1089): CodeIgniter\View\View->render('pagina_produtos', Array, true)
#4 F:\TCC\TCC\app\Controllers\Produtos.php(11): view('pagina_produtos')
#5 F:\TCC\TCC\vendor\codeigniter4\framework\system\CodeIgniter.php(832): App\Controllers\Produtos->index()
#6 F:\TCC\TCC\vendor\codeigniter4\framework\system\CodeIgniter.php(419): CodeIgniter\CodeIgniter->runController(Object(App\Controllers\Produtos))
#7 F:\TCC\TCC\vendor\codeigniter4\framework\system\CodeIgniter.php(326): CodeIgniter\CodeIgniter->handleRequest(NULL, Object(Config\Cache), false)
#8 F:\TCC\TCC\public\index.php(37): CodeIgniter\CodeIgniter->run()
#9 F:\TCC\TCC\vendor\codeigniter4\framework\system\Commands\Server\rewrite.php(43): require_once('F:\\TCC\\TCC\\publ...')
#10 {main}
CRITICAL - 2024-10-21 20:15:10 --> Undefined variable: x
#0 F:\TCC\TCC\app\Views\pagina_produtos.php(35): CodeIgniter\Debug\Exceptions->errorHandler(8, 'Undefined varia...', 'F:\\TCC\\TCC\\app\\...', 35, Array)
#1 F:\TCC\TCC\vendor\codeigniter4\framework\system\View\View.php(210): include('F:\\TCC\\TCC\\app\\...')
#2 F:\TCC\TCC\vendor\codeigniter4\framework\system\View\View.php(213): CodeIgniter\View\View->CodeIgniter\View\{closure}()
#3 F:\TCC\TCC\vendor\codeigniter4\framework\system\Common.php(1089): CodeIgniter\View\View->render('pagina_produtos', Array, true)
#4 F:\TCC\TCC\app\Controllers\Produtos.php(11): view('pagina_produtos')
#5 F:\TCC\TCC\vendor\codeigniter4\framework\system\CodeIgniter.php(832): App\Controllers\Produtos->index()
#6 F:\TCC\TCC\vendor\codeigniter4\framework\system\CodeIgniter.php(419): CodeIgniter\CodeIgniter->runController(Object(App\Controllers\Produtos))
#7 F:\TCC\TCC\vendor\codeigniter4\framework\system\CodeIgniter.php(326): CodeIgniter\CodeIgniter->handleRequest(NULL, Object(Config\Cache), false)
#8 F:\TCC\TCC\public\index.php(37): CodeIgniter\CodeIgniter->run()
#9 F:\TCC\TCC\vendor\codeigniter4\framework\system\Commands\Server\rewrite.php(43): require_once('F:\\TCC\\TCC\\publ...')
#10 {main}
CRITICAL - 2024-10-21 20:15:10 --> Undefined variable: x
#0 F:\TCC\TCC\app\Views\pagina_produtos.php(35): CodeIgniter\Debug\Exceptions->errorHandler(8, 'Undefined varia...', 'F:\\TCC\\TCC\\app\\...', 35, Array)
#1 F:\TCC\TCC\vendor\codeigniter4\framework\system\View\View.php(210): include('F:\\TCC\\TCC\\app\\...')
#2 F:\TCC\TCC\vendor\codeigniter4\framework\system\View\View.php(213): CodeIgniter\View\View->CodeIgniter\View\{closure}()
#3 F:\TCC\TCC\vendor\codeigniter4\framework\system\Common.php(1089): CodeIgniter\View\View->render('pagina_produtos', Array, true)
#4 F:\TCC\TCC\app\Controllers\Produtos.php(11): view('pagina_produtos')
#5 F:\TCC\TCC\vendor\codeigniter4\framework\system\CodeIgniter.php(832): App\Controllers\Produtos->index()
#6 F:\TCC\TCC\vendor\codeigniter4\framework\system\CodeIgniter.php(419): CodeIgniter\CodeIgniter->runController(Object(App\Controllers\Produtos))
#7 F:\TCC\TCC\vendor\codeigniter4\framework\system\CodeIgniter.php(326): CodeIgniter\CodeIgniter->handleRequest(NULL, Object(Config\Cache), false)
#8 F:\TCC\TCC\public\index.php(37): CodeIgniter\CodeIgniter->run()
#9 F:\TCC\TCC\vendor\codeigniter4\framework\system\Commands\Server\rewrite.php(43): require_once('F:\\TCC\\TCC\\publ...')
#10 {main}
CRITICAL - 2024-10-21 20:15:10 --> Undefined variable: x
#0 F:\TCC\TCC\app\Views\pagina_produtos.php(35): CodeIgniter\Debug\Exceptions->errorHandler(8, 'Undefined varia...', 'F:\\TCC\\TCC\\app\\...', 35, Array)
#1 F:\TCC\TCC\vendor\codeigniter4\framework\system\View\View.php(210): include('F:\\TCC\\TCC\\app\\...')
#2 F:\TCC\TCC\vendor\codeigniter4\framework\system\View\View.php(213): CodeIgniter\View\View->CodeIgniter\View\{closure}()
#3 F:\TCC\TCC\vendor\codeigniter4\framework\system\Common.php(1089): CodeIgniter\View\View->render('pagina_produtos', Array, true)
#4 F:\TCC\TCC\app\Controllers\Produtos.php(11): view('pagina_produtos')
#5 F:\TCC\TCC\vendor\codeigniter4\framework\system\CodeIgniter.php(832): App\Controllers\Produtos->index()
#6 F:\TCC\TCC\vendor\codeigniter4\framework\system\CodeIgniter.php(419): CodeIgniter\CodeIgniter->runController(Object(App\Controllers\Produtos))
#7 F:\TCC\TCC\vendor\codeigniter4\framework\system\CodeIgniter.php(326): CodeIgniter\CodeIgniter->handleRequest(NULL, Object(Config\Cache), false)
#8 F:\TCC\TCC\public\index.php(37): CodeIgniter\CodeIgniter->run()
#9 F:\TCC\TCC\vendor\codeigniter4\framework\system\Commands\Server\rewrite.php(43): require_once('F:\\TCC\\TCC\\publ...')
#10 {main}
CRITICAL - 2024-10-21 20:15:11 --> Undefined variable: x
#0 F:\TCC\TCC\app\Views\pagina_produtos.php(35): CodeIgniter\Debug\Exceptions->errorHandler(8, 'Undefined varia...', 'F:\\TCC\\TCC\\app\\...', 35, Array)
#1 F:\TCC\TCC\vendor\codeigniter4\framework\system\View\View.php(210): include('F:\\TCC\\TCC\\app\\...')
#2 F:\TCC\TCC\vendor\codeigniter4\framework\system\View\View.php(213): CodeIgniter\View\View->CodeIgniter\View\{closure}()
#3 F:\TCC\TCC\vendor\codeigniter4\framework\system\Common.php(1089): CodeIgniter\View\View->render('pagina_produtos', Array, true)
#4 F:\TCC\TCC\app\Controllers\Produtos.php(11): view('pagina_produtos')
#5 F:\TCC\TCC\vendor\codeigniter4\framework\system\CodeIgniter.php(832): App\Controllers\Produtos->index()
#6 F:\TCC\TCC\vendor\codeigniter4\framework\system\CodeIgniter.php(419): CodeIgniter\CodeIgniter->runController(Object(App\Controllers\Produtos))
#7 F:\TCC\TCC\vendor\codeigniter4\framework\system\CodeIgniter.php(326): CodeIgniter\CodeIgniter->handleRequest(NULL, Object(Config\Cache), false)
#8 F:\TCC\TCC\public\index.php(37): CodeIgniter\CodeIgniter->run()
#9 F:\TCC\TCC\vendor\codeigniter4\framework\system\Commands\Server\rewrite.php(43): require_once('F:\\TCC\\TCC\\publ...')
#10 {main}
CRITICAL - 2024-10-21 20:15:11 --> Undefined variable: x
#0 F:\TCC\TCC\app\Views\pagina_produtos.php(35): CodeIgniter\Debug\Exceptions->errorHandler(8, 'Undefined varia...', 'F:\\TCC\\TCC\\app\\...', 35, Array)
#1 F:\TCC\TCC\vendor\codeigniter4\framework\system\View\View.php(210): include('F:\\TCC\\TCC\\app\\...')
#2 F:\TCC\TCC\vendor\codeigniter4\framework\system\View\View.php(213): CodeIgniter\View\View->CodeIgniter\View\{closure}()
#3 F:\TCC\TCC\vendor\codeigniter4\framework\system\Common.php(1089): CodeIgniter\View\View->render('pagina_produtos', Array, true)
#4 F:\TCC\TCC\app\Controllers\Produtos.php(11): view('pagina_produtos')
#5 F:\TCC\TCC\vendor\codeigniter4\framework\system\CodeIgniter.php(832): App\Controllers\Produtos->index()
#6 F:\TCC\TCC\vendor\codeigniter4\framework\system\CodeIgniter.php(419): CodeIgniter\CodeIgniter->runController(Object(App\Controllers\Produtos))
#7 F:\TCC\TCC\vendor\codeigniter4\framework\system\CodeIgniter.php(326): CodeIgniter\CodeIgniter->handleRequest(NULL, Object(Config\Cache), false)
#8 F:\TCC\TCC\public\index.php(37): CodeIgniter\CodeIgniter->run()
#9 F:\TCC\TCC\vendor\codeigniter4\framework\system\Commands\Server\rewrite.php(43): require_once('F:\\TCC\\TCC\\publ...')
#10 {main}
CRITICAL - 2024-10-21 20:15:11 --> Undefined variable: x
#0 F:\TCC\TCC\app\Views\pagina_produtos.php(35): CodeIgniter\Debug\Exceptions->errorHandler(8, 'Undefined varia...', 'F:\\TCC\\TCC\\app\\...', 35, Array)
#1 F:\TCC\TCC\vendor\codeigniter4\framework\system\View\View.php(210): include('F:\\TCC\\TCC\\app\\...')
#2 F:\TCC\TCC\vendor\codeigniter4\framework\system\View\View.php(213): CodeIgniter\View\View->CodeIgniter\View\{closure}()
#3 F:\TCC\TCC\vendor\codeigniter4\framework\system\Common.php(1089): CodeIgniter\View\View->render('pagina_produtos', Array, true)
#4 F:\TCC\TCC\app\Controllers\Produtos.php(11): view('pagina_produtos')
#5 F:\TCC\TCC\vendor\codeigniter4\framework\system\CodeIgniter.php(832): App\Controllers\Produtos->index()
#6 F:\TCC\TCC\vendor\codeigniter4\framework\system\CodeIgniter.php(419): CodeIgniter\CodeIgniter->runController(Object(App\Controllers\Produtos))
#7 F:\TCC\TCC\vendor\codeigniter4\framework\system\CodeIgniter.php(326): CodeIgniter\CodeIgniter->handleRequest(NULL, Object(Config\Cache), false)
#8 F:\TCC\TCC\public\index.php(37): CodeIgniter\CodeIgniter->run()
#9 F:\TCC\TCC\vendor\codeigniter4\framework\system\Commands\Server\rewrite.php(43): require_once('F:\\TCC\\TCC\\publ...')
#10 {main}
CRITICAL - 2024-10-21 20:15:12 --> Undefined variable: x
#0 F:\TCC\TCC\app\Views\pagina_produtos.php(35): CodeIgniter\Debug\Exceptions->errorHandler(8, 'Undefined varia...', 'F:\\TCC\\TCC\\app\\...', 35, Array)
#1 F:\TCC\TCC\vendor\codeigniter4\framework\system\View\View.php(210): include('F:\\TCC\\TCC\\app\\...')
#2 F:\TCC\TCC\vendor\codeigniter4\framework\system\View\View.php(213): CodeIgniter\View\View->CodeIgniter\View\{closure}()
#3 F:\TCC\TCC\vendor\codeigniter4\framework\system\Common.php(1089): CodeIgniter\View\View->render('pagina_produtos', Array, true)
#4 F:\TCC\TCC\app\Controllers\Produtos.php(11): view('pagina_produtos')
#5 F:\TCC\TCC\vendor\codeigniter4\framework\system\CodeIgniter.php(832): App\Controllers\Produtos->index()
#6 F:\TCC\TCC\vendor\codeigniter4\framework\system\CodeIgniter.php(419): CodeIgniter\CodeIgniter->runController(Object(App\Controllers\Produtos))
#7 F:\TCC\TCC\vendor\codeigniter4\framework\system\CodeIgniter.php(326): CodeIgniter\CodeIgniter->handleRequest(NULL, Object(Config\Cache), false)
#8 F:\TCC\TCC\public\index.php(37): CodeIgniter\CodeIgniter->run()
#9 F:\TCC\TCC\vendor\codeigniter4\framework\system\Commands\Server\rewrite.php(43): require_once('F:\\TCC\\TCC\\publ...')
#10 {main}
CRITICAL - 2024-10-21 20:15:12 --> Undefined variable: x
#0 F:\TCC\TCC\app\Views\pagina_produtos.php(35): CodeIgniter\Debug\Exceptions->errorHandler(8, 'Undefined varia...', 'F:\\TCC\\TCC\\app\\...', 35, Array)
#1 F:\TCC\TCC\vendor\codeigniter4\framework\system\View\View.php(210): include('F:\\TCC\\TCC\\app\\...')
#2 F:\TCC\TCC\vendor\codeigniter4\framework\system\View\View.php(213): CodeIgniter\View\View->CodeIgniter\View\{closure}()
#3 F:\TCC\TCC\vendor\codeigniter4\framework\system\Common.php(1089): CodeIgniter\View\View->render('pagina_produtos', Array, true)
#4 F:\TCC\TCC\app\Controllers\Produtos.php(11): view('pagina_produtos')
#5 F:\TCC\TCC\vendor\codeigniter4\framework\system\CodeIgniter.php(832): App\Controllers\Produtos->index()
#6 F:\TCC\TCC\vendor\codeigniter4\framework\system\CodeIgniter.php(419): CodeIgniter\CodeIgniter->runController(Object(App\Controllers\Produtos))
#7 F:\TCC\TCC\vendor\codeigniter4\framework\system\CodeIgniter.php(326): CodeIgniter\CodeIgniter->handleRequest(NULL, Object(Config\Cache), false)
#8 F:\TCC\TCC\public\index.php(37): CodeIgniter\CodeIgniter->run()
#9 F:\TCC\TCC\vendor\codeigniter4\framework\system\Commands\Server\rewrite.php(43): require_once('F:\\TCC\\TCC\\publ...')
#10 {main}
CRITICAL - 2024-10-21 20:15:12 --> Undefined variable: x
#0 F:\TCC\TCC\app\Views\pagina_produtos.php(35): CodeIgniter\Debug\Exceptions->errorHandler(8, 'Undefined varia...', 'F:\\TCC\\TCC\\app\\...', 35, Array)
#1 F:\TCC\TCC\vendor\codeigniter4\framework\system\View\View.php(210): include('F:\\TCC\\TCC\\app\\...')
#2 F:\TCC\TCC\vendor\codeigniter4\framework\system\View\View.php(213): CodeIgniter\View\View->CodeIgniter\View\{closure}()
#3 F:\TCC\TCC\vendor\codeigniter4\framework\system\Common.php(1089): CodeIgniter\View\View->render('pagina_produtos', Array, true)
#4 F:\TCC\TCC\app\Controllers\Produtos.php(11): view('pagina_produtos')
#5 F:\TCC\TCC\vendor\codeigniter4\framework\system\CodeIgniter.php(832): App\Controllers\Produtos->index()
#6 F:\TCC\TCC\vendor\codeigniter4\framework\system\CodeIgniter.php(419): CodeIgniter\CodeIgniter->runController(Object(App\Controllers\Produtos))
#7 F:\TCC\TCC\vendor\codeigniter4\framework\system\CodeIgniter.php(326): CodeIgniter\CodeIgniter->handleRequest(NULL, Object(Config\Cache), false)
#8 F:\TCC\TCC\public\index.php(37): CodeIgniter\CodeIgniter->run()
#9 F:\TCC\TCC\vendor\codeigniter4\framework\system\Commands\Server\rewrite.php(43): require_once('F:\\TCC\\TCC\\publ...')
#10 {main}
CRITICAL - 2024-10-21 20:15:12 --> Undefined variable: x
#0 F:\TCC\TCC\app\Views\pagina_produtos.php(35): CodeIgniter\Debug\Exceptions->errorHandler(8, 'Undefined varia...', 'F:\\TCC\\TCC\\app\\...', 35, Array)
#1 F:\TCC\TCC\vendor\codeigniter4\framework\system\View\View.php(210): include('F:\\TCC\\TCC\\app\\...')
#2 F:\TCC\TCC\vendor\codeigniter4\framework\system\View\View.php(213): CodeIgniter\View\View->CodeIgniter\View\{closure}()
#3 F:\TCC\TCC\vendor\codeigniter4\framework\system\Common.php(1089): CodeIgniter\View\View->render('pagina_produtos', Array, true)
#4 F:\TCC\TCC\app\Controllers\Produtos.php(11): view('pagina_produtos')
#5 F:\TCC\TCC\vendor\codeigniter4\framework\system\CodeIgniter.php(832): App\Controllers\Produtos->index()
#6 F:\TCC\TCC\vendor\codeigniter4\framework\system\CodeIgniter.php(419): CodeIgniter\CodeIgniter->runController(Object(App\Controllers\Produtos))
#7 F:\TCC\TCC\vendor\codeigniter4\framework\system\CodeIgniter.php(326): CodeIgniter\CodeIgniter->handleRequest(NULL, Object(Config\Cache), false)
#8 F:\TCC\TCC\public\index.php(37): CodeIgniter\CodeIgniter->run()
#9 F:\TCC\TCC\vendor\codeigniter4\framework\system\Commands\Server\rewrite.php(43): require_once('F:\\TCC\\TCC\\publ...')
#10 {main}
CRITICAL - 2024-10-21 20:15:13 --> Undefined variable: x
#0 F:\TCC\TCC\app\Views\pagina_produtos.php(35): CodeIgniter\Debug\Exceptions->errorHandler(8, 'Undefined varia...', 'F:\\TCC\\TCC\\app\\...', 35, Array)
#1 F:\TCC\TCC\vendor\codeigniter4\framework\system\View\View.php(210): include('F:\\TCC\\TCC\\app\\...')
#2 F:\TCC\TCC\vendor\codeigniter4\framework\system\View\View.php(213): CodeIgniter\View\View->CodeIgniter\View\{closure}()
#3 F:\TCC\TCC\vendor\codeigniter4\framework\system\Common.php(1089): CodeIgniter\View\View->render('pagina_produtos', Array, true)
#4 F:\TCC\TCC\app\Controllers\Produtos.php(11): view('pagina_produtos')
#5 F:\TCC\TCC\vendor\codeigniter4\framework\system\CodeIgniter.php(832): App\Controllers\Produtos->index()
#6 F:\TCC\TCC\vendor\codeigniter4\framework\system\CodeIgniter.php(419): CodeIgniter\CodeIgniter->runController(Object(App\Controllers\Produtos))
#7 F:\TCC\TCC\vendor\codeigniter4\framework\system\CodeIgniter.php(326): CodeIgniter\CodeIgniter->handleRequest(NULL, Object(Config\Cache), false)
#8 F:\TCC\TCC\public\index.php(37): CodeIgniter\CodeIgniter->run()
#9 F:\TCC\TCC\vendor\codeigniter4\framework\system\Commands\Server\rewrite.php(43): require_once('F:\\TCC\\TCC\\publ...')
#10 {main}
CRITICAL - 2024-10-21 20:19:23 --> Undefined variable: produtos
#0 F:\TCC\TCC\app\Views\pagina_produtos.php(35): CodeIgniter\Debug\Exceptions->errorHandler(8, 'Undefined varia...', 'F:\\TCC\\TCC\\app\\...', 35, Array)
#1 F:\TCC\TCC\vendor\codeigniter4\framework\system\View\View.php(210): include('F:\\TCC\\TCC\\app\\...')
#2 F:\TCC\TCC\vendor\codeigniter4\framework\system\View\View.php(213): CodeIgniter\View\View->CodeIgniter\View\{closure}()
#3 F:\TCC\TCC\vendor\codeigniter4\framework\system\Common.php(1089): CodeIgniter\View\View->render('pagina_produtos', Array, true)
#4 F:\TCC\TCC\app\Controllers\Produtos.php(11): view('pagina_produtos')
#5 F:\TCC\TCC\vendor\codeigniter4\framework\system\CodeIgniter.php(832): App\Controllers\Produtos->index()
#6 F:\TCC\TCC\vendor\codeigniter4\framework\system\CodeIgniter.php(419): CodeIgniter\CodeIgniter->runController(Object(App\Controllers\Produtos))
#7 F:\TCC\TCC\vendor\codeigniter4\framework\system\CodeIgniter.php(326): CodeIgniter\CodeIgniter->handleRequest(NULL, Object(Config\Cache), false)
#8 F:\TCC\TCC\public\index.php(37): CodeIgniter\CodeIgniter->run()
#9 F:\TCC\TCC\vendor\codeigniter4\framework\system\Commands\Server\rewrite.php(43): require_once('F:\\TCC\\TCC\\publ...')
#10 {main}
CRITICAL - 2024-10-21 20:20:17 --> Undefined variable: produtos
#0 F:\TCC\TCC\app\Views\pagina_produtos.php(35): CodeIgniter\Debug\Exceptions->errorHandler(8, 'Undefined varia...', 'F:\\TCC\\TCC\\app\\...', 35, Array)
#1 F:\TCC\TCC\vendor\codeigniter4\framework\system\View\View.php(210): include('F:\\TCC\\TCC\\app\\...')
#2 F:\TCC\TCC\vendor\codeigniter4\framework\system\View\View.php(213): CodeIgniter\View\View->CodeIgniter\View\{closure}()
#3 F:\TCC\TCC\vendor\codeigniter4\framework\system\Common.php(1089): CodeIgniter\View\View->render('pagina_produtos', Array, true)
#4 F:\TCC\TCC\app\Controllers\Produtos.php(11): view('pagina_produtos')
#5 F:\TCC\TCC\vendor\codeigniter4\framework\system\CodeIgniter.php(832): App\Controllers\Produtos->index()
#6 F:\TCC\TCC\vendor\codeigniter4\framework\system\CodeIgniter.php(419): CodeIgniter\CodeIgniter->runController(Object(App\Controllers\Produtos))
#7 F:\TCC\TCC\vendor\codeigniter4\framework\system\CodeIgniter.php(326): CodeIgniter\CodeIgniter->handleRequest(NULL, Object(Config\Cache), false)
#8 F:\TCC\TCC\public\index.php(37): CodeIgniter\CodeIgniter->run()
#9 F:\TCC\TCC\vendor\codeigniter4\framework\system\Commands\Server\rewrite.php(43): require_once('F:\\TCC\\TCC\\publ...')
#10 {main}
CRITICAL - 2024-10-21 20:20:18 --> Undefined variable: produtos
#0 F:\TCC\TCC\app\Views\pagina_produtos.php(35): CodeIgniter\Debug\Exceptions->errorHandler(8, 'Undefined varia...', 'F:\\TCC\\TCC\\app\\...', 35, Array)
#1 F:\TCC\TCC\vendor\codeigniter4\framework\system\View\View.php(210): include('F:\\TCC\\TCC\\app\\...')
#2 F:\TCC\TCC\vendor\codeigniter4\framework\system\View\View.php(213): CodeIgniter\View\View->CodeIgniter\View\{closure}()
#3 F:\TCC\TCC\vendor\codeigniter4\framework\system\Common.php(1089): CodeIgniter\View\View->render('pagina_produtos', Array, true)
#4 F:\TCC\TCC\app\Controllers\Produtos.php(11): view('pagina_produtos')
#5 F:\TCC\TCC\vendor\codeigniter4\framework\system\CodeIgniter.php(832): App\Controllers\Produtos->index()
#6 F:\TCC\TCC\vendor\codeigniter4\framework\system\CodeIgniter.php(419): CodeIgniter\CodeIgniter->runController(Object(App\Controllers\Produtos))
#7 F:\TCC\TCC\vendor\codeigniter4\framework\system\CodeIgniter.php(326): CodeIgniter\CodeIgniter->handleRequest(NULL, Object(Config\Cache), false)
#8 F:\TCC\TCC\public\index.php(37): CodeIgniter\CodeIgniter->run()
#9 F:\TCC\TCC\vendor\codeigniter4\framework\system\Commands\Server\rewrite.php(43): require_once('F:\\TCC\\TCC\\publ...')
#10 {main}
CRITICAL - 2024-10-21 20:20:22 --> Undefined variable: produtos
#0 F:\TCC\TCC\app\Views\pagina_produtos.php(35): CodeIgniter\Debug\Exceptions->errorHandler(8, 'Undefined varia...', 'F:\\TCC\\TCC\\app\\...', 35, Array)
#1 F:\TCC\TCC\vendor\codeigniter4\framework\system\View\View.php(210): include('F:\\TCC\\TCC\\app\\...')
#2 F:\TCC\TCC\vendor\codeigniter4\framework\system\View\View.php(213): CodeIgniter\View\View->CodeIgniter\View\{closure}()
#3 F:\TCC\TCC\vendor\codeigniter4\framework\system\Common.php(1089): CodeIgniter\View\View->render('pagina_produtos', Array, true)
#4 F:\TCC\TCC\app\Controllers\Produtos.php(11): view('pagina_produtos')
#5 F:\TCC\TCC\vendor\codeigniter4\framework\system\CodeIgniter.php(832): App\Controllers\Produtos->index()
#6 F:\TCC\TCC\vendor\codeigniter4\framework\system\CodeIgniter.php(419): CodeIgniter\CodeIgniter->runController(Object(App\Controllers\Produtos))
#7 F:\TCC\TCC\vendor\codeigniter4\framework\system\CodeIgniter.php(326): CodeIgniter\CodeIgniter->handleRequest(NULL, Object(Config\Cache), false)
#8 F:\TCC\TCC\public\index.php(37): CodeIgniter\CodeIgniter->run()
#9 F:\TCC\TCC\vendor\codeigniter4\framework\system\Commands\Server\rewrite.php(43): require_once('F:\\TCC\\TCC\\publ...')
#10 {main}
CRITICAL - 2024-10-21 20:20:34 --> Undefined variable: produto
#0 F:\TCC\TCC\app\Views\pagina_produtos.php(35): CodeIgniter\Debug\Exceptions->errorHandler(8, 'Undefined varia...', 'F:\\TCC\\TCC\\app\\...', 35, Array)
#1 F:\TCC\TCC\vendor\codeigniter4\framework\system\View\View.php(210): include('F:\\TCC\\TCC\\app\\...')
#2 F:\TCC\TCC\vendor\codeigniter4\framework\system\View\View.php(213): CodeIgniter\View\View->CodeIgniter\View\{closure}()
#3 F:\TCC\TCC\vendor\codeigniter4\framework\system\Common.php(1089): CodeIgniter\View\View->render('pagina_produtos', Array, true)
#4 F:\TCC\TCC\app\Controllers\Produtos.php(11): view('pagina_produtos')
#5 F:\TCC\TCC\vendor\codeigniter4\framework\system\CodeIgniter.php(832): App\Controllers\Produtos->index()
#6 F:\TCC\TCC\vendor\codeigniter4\framework\system\CodeIgniter.php(419): CodeIgniter\CodeIgniter->runController(Object(App\Controllers\Produtos))
#7 F:\TCC\TCC\vendor\codeigniter4\framework\system\CodeIgniter.php(326): CodeIgniter\CodeIgniter->handleRequest(NULL, Object(Config\Cache), false)
#8 F:\TCC\TCC\public\index.php(37): CodeIgniter\CodeIgniter->run()
#9 F:\TCC\TCC\vendor\codeigniter4\framework\system\Commands\Server\rewrite.php(43): require_once('F:\\TCC\\TCC\\publ...')
#10 {main}
CRITICAL - 2024-10-21 20:21:55 --> Undefined variable: produtos
#0 F:\TCC\TCC\app\Views\pagina_produtos.php(35): CodeIgniter\Debug\Exceptions->errorHandler(8, 'Undefined varia...', 'F:\\TCC\\TCC\\app\\...', 35, Array)
#1 F:\TCC\TCC\vendor\codeigniter4\framework\system\View\View.php(210): include('F:\\TCC\\TCC\\app\\...')
#2 F:\TCC\TCC\vendor\codeigniter4\framework\system\View\View.php(213): CodeIgniter\View\View->CodeIgniter\View\{closure}()
#3 F:\TCC\TCC\vendor\codeigniter4\framework\system\Common.php(1089): CodeIgniter\View\View->render('pagina_produtos', Array, true)
#4 F:\TCC\TCC\app\Controllers\Produtos.php(11): view('pagina_produtos')
#5 F:\TCC\TCC\vendor\codeigniter4\framework\system\CodeIgniter.php(832): App\Controllers\Produtos->index()
#6 F:\TCC\TCC\vendor\codeigniter4\framework\system\CodeIgniter.php(419): CodeIgniter\CodeIgniter->runController(Object(App\Controllers\Produtos))
#7 F:\TCC\TCC\vendor\codeigniter4\framework\system\CodeIgniter.php(326): CodeIgniter\CodeIgniter->handleRequest(NULL, Object(Config\Cache), false)
#8 F:\TCC\TCC\public\index.php(37): CodeIgniter\CodeIgniter->run()
#9 F:\TCC\TCC\vendor\codeigniter4\framework\system\Commands\Server\rewrite.php(43): require_once('F:\\TCC\\TCC\\publ...')
#10 {main}
CRITICAL - 2024-10-21 20:22:42 --> Undefined variable: produtos
#0 F:\TCC\TCC\app\Views\pagina_produtos.php(35): CodeIgniter\Debug\Exceptions->errorHandler(8, 'Undefined varia...', 'F:\\TCC\\TCC\\app\\...', 35, Array)
#1 F:\TCC\TCC\vendor\codeigniter4\framework\system\View\View.php(210): include('F:\\TCC\\TCC\\app\\...')
#2 F:\TCC\TCC\vendor\codeigniter4\framework\system\View\View.php(213): CodeIgniter\View\View->CodeIgniter\View\{closure}()
#3 F:\TCC\TCC\vendor\codeigniter4\framework\system\Common.php(1089): CodeIgniter\View\View->render('pagina_produtos', Array, true)
#4 F:\TCC\TCC\app\Controllers\Produtos.php(11): view('pagina_produtos')
#5 F:\TCC\TCC\vendor\codeigniter4\framework\system\CodeIgniter.php(832): App\Controllers\Produtos->index()
#6 F:\TCC\TCC\vendor\codeigniter4\framework\system\CodeIgniter.php(419): CodeIgniter\CodeIgniter->runController(Object(App\Controllers\Produtos))
#7 F:\TCC\TCC\vendor\codeigniter4\framework\system\CodeIgniter.php(326): CodeIgniter\CodeIgniter->handleRequest(NULL, Object(Config\Cache), false)
#8 F:\TCC\TCC\public\index.php(37): CodeIgniter\CodeIgniter->run()
#9 F:\TCC\TCC\vendor\codeigniter4\framework\system\Commands\Server\rewrite.php(43): require_once('F:\\TCC\\TCC\\publ...')
#10 {main}
CRITICAL - 2024-10-21 20:22:43 --> Undefined variable: produtos
#0 F:\TCC\TCC\app\Views\pagina_produtos.php(35): CodeIgniter\Debug\Exceptions->errorHandler(8, 'Undefined varia...', 'F:\\TCC\\TCC\\app\\...', 35, Array)
#1 F:\TCC\TCC\vendor\codeigniter4\framework\system\View\View.php(210): include('F:\\TCC\\TCC\\app\\...')
#2 F:\TCC\TCC\vendor\codeigniter4\framework\system\View\View.php(213): CodeIgniter\View\View->CodeIgniter\View\{closure}()
#3 F:\TCC\TCC\vendor\codeigniter4\framework\system\Common.php(1089): CodeIgniter\View\View->render('pagina_produtos', Array, true)
#4 F:\TCC\TCC\app\Controllers\Produtos.php(11): view('pagina_produtos')
#5 F:\TCC\TCC\vendor\codeigniter4\framework\system\CodeIgniter.php(832): App\Controllers\Produtos->index()
#6 F:\TCC\TCC\vendor\codeigniter4\framework\system\CodeIgniter.php(419): CodeIgniter\CodeIgniter->runController(Object(App\Controllers\Produtos))
#7 F:\TCC\TCC\vendor\codeigniter4\framework\system\CodeIgniter.php(326): CodeIgniter\CodeIgniter->handleRequest(NULL, Object(Config\Cache), false)
#8 F:\TCC\TCC\public\index.php(37): CodeIgniter\CodeIgniter->run()
#9 F:\TCC\TCC\vendor\codeigniter4\framework\system\Commands\Server\rewrite.php(43): require_once('F:\\TCC\\TCC\\publ...')
#10 {main}
CRITICAL - 2024-10-21 20:22:43 --> Undefined variable: produtos
#0 F:\TCC\TCC\app\Views\pagina_produtos.php(35): CodeIgniter\Debug\Exceptions->errorHandler(8, 'Undefined varia...', 'F:\\TCC\\TCC\\app\\...', 35, Array)
#1 F:\TCC\TCC\vendor\codeigniter4\framework\system\View\View.php(210): include('F:\\TCC\\TCC\\app\\...')
#2 F:\TCC\TCC\vendor\codeigniter4\framework\system\View\View.php(213): CodeIgniter\View\View->CodeIgniter\View\{closure}()
#3 F:\TCC\TCC\vendor\codeigniter4\framework\system\Common.php(1089): CodeIgniter\View\View->render('pagina_produtos', Array, true)
#4 F:\TCC\TCC\app\Controllers\Produtos.php(11): view('pagina_produtos')
#5 F:\TCC\TCC\vendor\codeigniter4\framework\system\CodeIgniter.php(832): App\Controllers\Produtos->index()
#6 F:\TCC\TCC\vendor\codeigniter4\framework\system\CodeIgniter.php(419): CodeIgniter\CodeIgniter->runController(Object(App\Controllers\Produtos))
#7 F:\TCC\TCC\vendor\codeigniter4\framework\system\CodeIgniter.php(326): CodeIgniter\CodeIgniter->handleRequest(NULL, Object(Config\Cache), false)
#8 F:\TCC\TCC\public\index.php(37): CodeIgniter\CodeIgniter->run()
#9 F:\TCC\TCC\vendor\codeigniter4\framework\system\Commands\Server\rewrite.php(43): require_once('F:\\TCC\\TCC\\publ...')
#10 {main}
CRITICAL - 2024-10-21 20:22:44 --> Undefined variable: produtos
#0 F:\TCC\TCC\app\Views\pagina_produtos.php(35): CodeIgniter\Debug\Exceptions->errorHandler(8, 'Undefined varia...', 'F:\\TCC\\TCC\\app\\...', 35, Array)
#1 F:\TCC\TCC\vendor\codeigniter4\framework\system\View\View.php(210): include('F:\\TCC\\TCC\\app\\...')
#2 F:\TCC\TCC\vendor\codeigniter4\framework\system\View\View.php(213): CodeIgniter\View\View->CodeIgniter\View\{closure}()
#3 F:\TCC\TCC\vendor\codeigniter4\framework\system\Common.php(1089): CodeIgniter\View\View->render('pagina_produtos', Array, true)
#4 F:\TCC\TCC\app\Controllers\Produtos.php(11): view('pagina_produtos')
#5 F:\TCC\TCC\vendor\codeigniter4\framework\system\CodeIgniter.php(832): App\Controllers\Produtos->index()
#6 F:\TCC\TCC\vendor\codeigniter4\framework\system\CodeIgniter.php(419): CodeIgniter\CodeIgniter->runController(Object(App\Controllers\Produtos))
#7 F:\TCC\TCC\vendor\codeigniter4\framework\system\CodeIgniter.php(326): CodeIgniter\CodeIgniter->handleRequest(NULL, Object(Config\Cache), false)
#8 F:\TCC\TCC\public\index.php(37): CodeIgniter\CodeIgniter->run()
#9 F:\TCC\TCC\vendor\codeigniter4\framework\system\Commands\Server\rewrite.php(43): require_once('F:\\TCC\\TCC\\publ...')
#10 {main}
CRITICAL - 2024-10-21 20:22:44 --> Undefined variable: produtos
#0 F:\TCC\TCC\app\Views\pagina_produtos.php(35): CodeIgniter\Debug\Exceptions->errorHandler(8, 'Undefined varia...', 'F:\\TCC\\TCC\\app\\...', 35, Array)
#1 F:\TCC\TCC\vendor\codeigniter4\framework\system\View\View.php(210): include('F:\\TCC\\TCC\\app\\...')
#2 F:\TCC\TCC\vendor\codeigniter4\framework\system\View\View.php(213): CodeIgniter\View\View->CodeIgniter\View\{closure}()
#3 F:\TCC\TCC\vendor\codeigniter4\framework\system\Common.php(1089): CodeIgniter\View\View->render('pagina_produtos', Array, true)
#4 F:\TCC\TCC\app\Controllers\Produtos.php(11): view('pagina_produtos')
#5 F:\TCC\TCC\vendor\codeigniter4\framework\system\CodeIgniter.php(832): App\Controllers\Produtos->index()
#6 F:\TCC\TCC\vendor\codeigniter4\framework\system\CodeIgniter.php(419): CodeIgniter\CodeIgniter->runController(Object(App\Controllers\Produtos))
#7 F:\TCC\TCC\vendor\codeigniter4\framework\system\CodeIgniter.php(326): CodeIgniter\CodeIgniter->handleRequest(NULL, Object(Config\Cache), false)
#8 F:\TCC\TCC\public\index.php(37): CodeIgniter\CodeIgniter->run()
#9 F:\TCC\TCC\vendor\codeigniter4\framework\system\Commands\Server\rewrite.php(43): require_once('F:\\TCC\\TCC\\publ...')
#10 {main}
CRITICAL - 2024-10-21 20:22:44 --> Undefined variable: produtos
#0 F:\TCC\TCC\app\Views\pagina_produtos.php(35): CodeIgniter\Debug\Exceptions->errorHandler(8, 'Undefined varia...', 'F:\\TCC\\TCC\\app\\...', 35, Array)
#1 F:\TCC\TCC\vendor\codeigniter4\framework\system\View\View.php(210): include('F:\\TCC\\TCC\\app\\...')
#2 F:\TCC\TCC\vendor\codeigniter4\framework\system\View\View.php(213): CodeIgniter\View\View->CodeIgniter\View\{closure}()
#3 F:\TCC\TCC\vendor\codeigniter4\framework\system\Common.php(1089): CodeIgniter\View\View->render('pagina_produtos', Array, true)
#4 F:\TCC\TCC\app\Controllers\Produtos.php(11): view('pagina_produtos')
#5 F:\TCC\TCC\vendor\codeigniter4\framework\system\CodeIgniter.php(832): App\Controllers\Produtos->index()
#6 F:\TCC\TCC\vendor\codeigniter4\framework\system\CodeIgniter.php(419): CodeIgniter\CodeIgniter->runController(Object(App\Controllers\Produtos))
#7 F:\TCC\TCC\vendor\codeigniter4\framework\system\CodeIgniter.php(326): CodeIgniter\CodeIgniter->handleRequest(NULL, Object(Config\Cache), false)
#8 F:\TCC\TCC\public\index.php(37): CodeIgniter\CodeIgniter->run()
#9 F:\TCC\TCC\vendor\codeigniter4\framework\system\Commands\Server\rewrite.php(43): require_once('F:\\TCC\\TCC\\publ...')
#10 {main}
CRITICAL - 2024-10-21 20:22:44 --> Undefined variable: produtos
#0 F:\TCC\TCC\app\Views\pagina_produtos.php(35): CodeIgniter\Debug\Exceptions->errorHandler(8, 'Undefined varia...', 'F:\\TCC\\TCC\\app\\...', 35, Array)
#1 F:\TCC\TCC\vendor\codeigniter4\framework\system\View\View.php(210): include('F:\\TCC\\TCC\\app\\...')
#2 F:\TCC\TCC\vendor\codeigniter4\framework\system\View\View.php(213): CodeIgniter\View\View->CodeIgniter\View\{closure}()
#3 F:\TCC\TCC\vendor\codeigniter4\framework\system\Common.php(1089): CodeIgniter\View\View->render('pagina_produtos', Array, true)
#4 F:\TCC\TCC\app\Controllers\Produtos.php(11): view('pagina_produtos')
#5 F:\TCC\TCC\vendor\codeigniter4\framework\system\CodeIgniter.php(832): App\Controllers\Produtos->index()
#6 F:\TCC\TCC\vendor\codeigniter4\framework\system\CodeIgniter.php(419): CodeIgniter\CodeIgniter->runController(Object(App\Controllers\Produtos))
#7 F:\TCC\TCC\vendor\codeigniter4\framework\system\CodeIgniter.php(326): CodeIgniter\CodeIgniter->handleRequest(NULL, Object(Config\Cache), false)
#8 F:\TCC\TCC\public\index.php(37): CodeIgniter\CodeIgniter->run()
#9 F:\TCC\TCC\vendor\codeigniter4\framework\system\Commands\Server\rewrite.php(43): require_once('F:\\TCC\\TCC\\publ...')
#10 {main}
CRITICAL - 2024-10-21 20:22:44 --> Undefined variable: produtos
#0 F:\TCC\TCC\app\Views\pagina_produtos.php(35): CodeIgniter\Debug\Exceptions->errorHandler(8, 'Undefined varia...', 'F:\\TCC\\TCC\\app\\...', 35, Array)
#1 F:\TCC\TCC\vendor\codeigniter4\framework\system\View\View.php(210): include('F:\\TCC\\TCC\\app\\...')
#2 F:\TCC\TCC\vendor\codeigniter4\framework\system\View\View.php(213): CodeIgniter\View\View->CodeIgniter\View\{closure}()
#3 F:\TCC\TCC\vendor\codeigniter4\framework\system\Common.php(1089): CodeIgniter\View\View->render('pagina_produtos', Array, true)
#4 F:\TCC\TCC\app\Controllers\Produtos.php(11): view('pagina_produtos')
#5 F:\TCC\TCC\vendor\codeigniter4\framework\system\CodeIgniter.php(832): App\Controllers\Produtos->index()
#6 F:\TCC\TCC\vendor\codeigniter4\framework\system\CodeIgniter.php(419): CodeIgniter\CodeIgniter->runController(Object(App\Controllers\Produtos))
#7 F:\TCC\TCC\vendor\codeigniter4\framework\system\CodeIgniter.php(326): CodeIgniter\CodeIgniter->handleRequest(NULL, Object(Config\Cache), false)
#8 F:\TCC\TCC\public\index.php(37): CodeIgniter\CodeIgniter->run()
#9 F:\TCC\TCC\vendor\codeigniter4\framework\system\Commands\Server\rewrite.php(43): require_once('F:\\TCC\\TCC\\publ...')
#10 {main}
CRITICAL - 2024-10-21 20:22:44 --> Undefined variable: produtos
#0 F:\TCC\TCC\app\Views\pagina_produtos.php(35): CodeIgniter\Debug\Exceptions->errorHandler(8, 'Undefined varia...', 'F:\\TCC\\TCC\\app\\...', 35, Array)
#1 F:\TCC\TCC\vendor\codeigniter4\framework\system\View\View.php(210): include('F:\\TCC\\TCC\\app\\...')
#2 F:\TCC\TCC\vendor\codeigniter4\framework\system\View\View.php(213): CodeIgniter\View\View->CodeIgniter\View\{closure}()
#3 F:\TCC\TCC\vendor\codeigniter4\framework\system\Common.php(1089): CodeIgniter\View\View->render('pagina_produtos', Array, true)
#4 F:\TCC\TCC\app\Controllers\Produtos.php(11): view('pagina_produtos')
#5 F:\TCC\TCC\vendor\codeigniter4\framework\system\CodeIgniter.php(832): App\Controllers\Produtos->index()
#6 F:\TCC\TCC\vendor\codeigniter4\framework\system\CodeIgniter.php(419): CodeIgniter\CodeIgniter->runController(Object(App\Controllers\Produtos))
#7 F:\TCC\TCC\vendor\codeigniter4\framework\system\CodeIgniter.php(326): CodeIgniter\CodeIgniter->handleRequest(NULL, Object(Config\Cache), false)
#8 F:\TCC\TCC\public\index.php(37): CodeIgniter\CodeIgniter->run()
#9 F:\TCC\TCC\vendor\codeigniter4\framework\system\Commands\Server\rewrite.php(43): require_once('F:\\TCC\\TCC\\publ...')
#10 {main}
CRITICAL - 2024-10-21 20:22:45 --> Undefined variable: produtos
#0 F:\TCC\TCC\app\Views\pagina_produtos.php(35): CodeIgniter\Debug\Exceptions->errorHandler(8, 'Undefined varia...', 'F:\\TCC\\TCC\\app\\...', 35, Array)
#1 F:\TCC\TCC\vendor\codeigniter4\framework\system\View\View.php(210): include('F:\\TCC\\TCC\\app\\...')
#2 F:\TCC\TCC\vendor\codeigniter4\framework\system\View\View.php(213): CodeIgniter\View\View->CodeIgniter\View\{closure}()
#3 F:\TCC\TCC\vendor\codeigniter4\framework\system\Common.php(1089): CodeIgniter\View\View->render('pagina_produtos', Array, true)
#4 F:\TCC\TCC\app\Controllers\Produtos.php(11): view('pagina_produtos')
#5 F:\TCC\TCC\vendor\codeigniter4\framework\system\CodeIgniter.php(832): App\Controllers\Produtos->index()
#6 F:\TCC\TCC\vendor\codeigniter4\framework\system\CodeIgniter.php(419): CodeIgniter\CodeIgniter->runController(Object(App\Controllers\Produtos))
#7 F:\TCC\TCC\vendor\codeigniter4\framework\system\CodeIgniter.php(326): CodeIgniter\CodeIgniter->handleRequest(NULL, Object(Config\Cache), false)
#8 F:\TCC\TCC\public\index.php(37): CodeIgniter\CodeIgniter->run()
#9 F:\TCC\TCC\vendor\codeigniter4\framework\system\Commands\Server\rewrite.php(43): require_once('F:\\TCC\\TCC\\publ...')
#10 {main}
CRITICAL - 2024-10-21 20:22:45 --> Undefined variable: produtos
#0 F:\TCC\TCC\app\Views\pagina_produtos.php(35): CodeIgniter\Debug\Exceptions->errorHandler(8, 'Undefined varia...', 'F:\\TCC\\TCC\\app\\...', 35, Array)
#1 F:\TCC\TCC\vendor\codeigniter4\framework\system\View\View.php(210): include('F:\\TCC\\TCC\\app\\...')
#2 F:\TCC\TCC\vendor\codeigniter4\framework\system\View\View.php(213): CodeIgniter\View\View->CodeIgniter\View\{closure}()
#3 F:\TCC\TCC\vendor\codeigniter4\framework\system\Common.php(1089): CodeIgniter\View\View->render('pagina_produtos', Array, true)
#4 F:\TCC\TCC\app\Controllers\Produtos.php(11): view('pagina_produtos')
#5 F:\TCC\TCC\vendor\codeigniter4\framework\system\CodeIgniter.php(832): App\Controllers\Produtos->index()
#6 F:\TCC\TCC\vendor\codeigniter4\framework\system\CodeIgniter.php(419): CodeIgniter\CodeIgniter->runController(Object(App\Controllers\Produtos))
#7 F:\TCC\TCC\vendor\codeigniter4\framework\system\CodeIgniter.php(326): CodeIgniter\CodeIgniter->handleRequest(NULL, Object(Config\Cache), false)
#8 F:\TCC\TCC\public\index.php(37): CodeIgniter\CodeIgniter->run()
#9 F:\TCC\TCC\vendor\codeigniter4\framework\system\Commands\Server\rewrite.php(43): require_once('F:\\TCC\\TCC\\publ...')
#10 {main}
CRITICAL - 2024-10-21 20:22:45 --> Undefined variable: produtos
#0 F:\TCC\TCC\app\Views\pagina_produtos.php(35): CodeIgniter\Debug\Exceptions->errorHandler(8, 'Undefined varia...', 'F:\\TCC\\TCC\\app\\...', 35, Array)
#1 F:\TCC\TCC\vendor\codeigniter4\framework\system\View\View.php(210): include('F:\\TCC\\TCC\\app\\...')
#2 F:\TCC\TCC\vendor\codeigniter4\framework\system\View\View.php(213): CodeIgniter\View\View->CodeIgniter\View\{closure}()
#3 F:\TCC\TCC\vendor\codeigniter4\framework\system\Common.php(1089): CodeIgniter\View\View->render('pagina_produtos', Array, true)
#4 F:\TCC\TCC\app\Controllers\Produtos.php(11): view('pagina_produtos')
#5 F:\TCC\TCC\vendor\codeigniter4\framework\system\CodeIgniter.php(832): App\Controllers\Produtos->index()
#6 F:\TCC\TCC\vendor\codeigniter4\framework\system\CodeIgniter.php(419): CodeIgniter\CodeIgniter->runController(Object(App\Controllers\Produtos))
#7 F:\TCC\TCC\vendor\codeigniter4\framework\system\CodeIgniter.php(326): CodeIgniter\CodeIgniter->handleRequest(NULL, Object(Config\Cache), false)
#8 F:\TCC\TCC\public\index.php(37): CodeIgniter\CodeIgniter->run()
#9 F:\TCC\TCC\vendor\codeigniter4\framework\system\Commands\Server\rewrite.php(43): require_once('F:\\TCC\\TCC\\publ...')
#10 {main}
CRITICAL - 2024-10-21 20:22:45 --> Undefined variable: produtos
#0 F:\TCC\TCC\app\Views\pagina_produtos.php(35): CodeIgniter\Debug\Exceptions->errorHandler(8, 'Undefined varia...', 'F:\\TCC\\TCC\\app\\...', 35, Array)
#1 F:\TCC\TCC\vendor\codeigniter4\framework\system\View\View.php(210): include('F:\\TCC\\TCC\\app\\...')
#2 F:\TCC\TCC\vendor\codeigniter4\framework\system\View\View.php(213): CodeIgniter\View\View->CodeIgniter\View\{closure}()
#3 F:\TCC\TCC\vendor\codeigniter4\framework\system\Common.php(1089): CodeIgniter\View\View->render('pagina_produtos', Array, true)
#4 F:\TCC\TCC\app\Controllers\Produtos.php(11): view('pagina_produtos')
#5 F:\TCC\TCC\vendor\codeigniter4\framework\system\CodeIgniter.php(832): App\Controllers\Produtos->index()
#6 F:\TCC\TCC\vendor\codeigniter4\framework\system\CodeIgniter.php(419): CodeIgniter\CodeIgniter->runController(Object(App\Controllers\Produtos))
#7 F:\TCC\TCC\vendor\codeigniter4\framework\system\CodeIgniter.php(326): CodeIgniter\CodeIgniter->handleRequest(NULL, Object(Config\Cache), false)
#8 F:\TCC\TCC\public\index.php(37): CodeIgniter\CodeIgniter->run()
#9 F:\TCC\TCC\vendor\codeigniter4\framework\system\Commands\Server\rewrite.php(43): require_once('F:\\TCC\\TCC\\publ...')
#10 {main}
CRITICAL - 2024-10-21 20:22:45 --> Undefined variable: produtos
#0 F:\TCC\TCC\app\Views\pagina_produtos.php(35): CodeIgniter\Debug\Exceptions->errorHandler(8, 'Undefined varia...', 'F:\\TCC\\TCC\\app\\...', 35, Array)
#1 F:\TCC\TCC\vendor\codeigniter4\framework\system\View\View.php(210): include('F:\\TCC\\TCC\\app\\...')
#2 F:\TCC\TCC\vendor\codeigniter4\framework\system\View\View.php(213): CodeIgniter\View\View->CodeIgniter\View\{closure}()
#3 F:\TCC\TCC\vendor\codeigniter4\framework\system\Common.php(1089): CodeIgniter\View\View->render('pagina_produtos', Array, true)
#4 F:\TCC\TCC\app\Controllers\Produtos.php(11): view('pagina_produtos')
#5 F:\TCC\TCC\vendor\codeigniter4\framework\system\CodeIgniter.php(832): App\Controllers\Produtos->index()
#6 F:\TCC\TCC\vendor\codeigniter4\framework\system\CodeIgniter.php(419): CodeIgniter\CodeIgniter->runController(Object(App\Controllers\Produtos))
#7 F:\TCC\TCC\vendor\codeigniter4\framework\system\CodeIgniter.php(326): CodeIgniter\CodeIgniter->handleRequest(NULL, Object(Config\Cache), false)
#8 F:\TCC\TCC\public\index.php(37): CodeIgniter\CodeIgniter->run()
#9 F:\TCC\TCC\vendor\codeigniter4\framework\system\Commands\Server\rewrite.php(43): require_once('F:\\TCC\\TCC\\publ...')
#10 {main}
CRITICAL - 2024-10-21 20:22:45 --> Undefined variable: produtos
#0 F:\TCC\TCC\app\Views\pagina_produtos.php(35): CodeIgniter\Debug\Exceptions->errorHandler(8, 'Undefined varia...', 'F:\\TCC\\TCC\\app\\...', 35, Array)
#1 F:\TCC\TCC\vendor\codeigniter4\framework\system\View\View.php(210): include('F:\\TCC\\TCC\\app\\...')
#2 F:\TCC\TCC\vendor\codeigniter4\framework\system\View\View.php(213): CodeIgniter\View\View->CodeIgniter\View\{closure}()
#3 F:\TCC\TCC\vendor\codeigniter4\framework\system\Common.php(1089): CodeIgniter\View\View->render('pagina_produtos', Array, true)
#4 F:\TCC\TCC\app\Controllers\Produtos.php(11): view('pagina_produtos')
#5 F:\TCC\TCC\vendor\codeigniter4\framework\system\CodeIgniter.php(832): App\Controllers\Produtos->index()
#6 F:\TCC\TCC\vendor\codeigniter4\framework\system\CodeIgniter.php(419): CodeIgniter\CodeIgniter->runController(Object(App\Controllers\Produtos))
#7 F:\TCC\TCC\vendor\codeigniter4\framework\system\CodeIgniter.php(326): CodeIgniter\CodeIgniter->handleRequest(NULL, Object(Config\Cache), false)
#8 F:\TCC\TCC\public\index.php(37): CodeIgniter\CodeIgniter->run()
#9 F:\TCC\TCC\vendor\codeigniter4\framework\system\Commands\Server\rewrite.php(43): require_once('F:\\TCC\\TCC\\publ...')
#10 {main}
CRITICAL - 2024-10-21 20:22:46 --> Undefined variable: produtos
#0 F:\TCC\TCC\app\Views\pagina_produtos.php(35): CodeIgniter\Debug\Exceptions->errorHandler(8, 'Undefined varia...', 'F:\\TCC\\TCC\\app\\...', 35, Array)
#1 F:\TCC\TCC\vendor\codeigniter4\framework\system\View\View.php(210): include('F:\\TCC\\TCC\\app\\...')
#2 F:\TCC\TCC\vendor\codeigniter4\framework\system\View\View.php(213): CodeIgniter\View\View->CodeIgniter\View\{closure}()
#3 F:\TCC\TCC\vendor\codeigniter4\framework\system\Common.php(1089): CodeIgniter\View\View->render('pagina_produtos', Array, true)
#4 F:\TCC\TCC\app\Controllers\Produtos.php(11): view('pagina_produtos')
#5 F:\TCC\TCC\vendor\codeigniter4\framework\system\CodeIgniter.php(832): App\Controllers\Produtos->index()
#6 F:\TCC\TCC\vendor\codeigniter4\framework\system\CodeIgniter.php(419): CodeIgniter\CodeIgniter->runController(Object(App\Controllers\Produtos))
#7 F:\TCC\TCC\vendor\codeigniter4\framework\system\CodeIgniter.php(326): CodeIgniter\CodeIgniter->handleRequest(NULL, Object(Config\Cache), false)
#8 F:\TCC\TCC\public\index.php(37): CodeIgniter\CodeIgniter->run()
#9 F:\TCC\TCC\vendor\codeigniter4\framework\system\Commands\Server\rewrite.php(43): require_once('F:\\TCC\\TCC\\publ...')
#10 {main}
CRITICAL - 2024-10-21 20:23:40 --> Undefined variable: produtos
#0 F:\TCC\TCC\app\Views\pagina_produtos.php(35): CodeIgniter\Debug\Exceptions->errorHandler(8, 'Undefined varia...', 'F:\\TCC\\TCC\\app\\...', 35, Array)
#1 F:\TCC\TCC\vendor\codeigniter4\framework\system\View\View.php(210): include('F:\\TCC\\TCC\\app\\...')
#2 F:\TCC\TCC\vendor\codeigniter4\framework\system\View\View.php(213): CodeIgniter\View\View->CodeIgniter\View\{closure}()
#3 F:\TCC\TCC\vendor\codeigniter4\framework\system\Common.php(1089): CodeIgniter\View\View->render('pagina_produtos', Array, true)
#4 F:\TCC\TCC\app\Controllers\Produtos.php(11): view('pagina_produtos')
#5 F:\TCC\TCC\vendor\codeigniter4\framework\system\CodeIgniter.php(832): App\Controllers\Produtos->index()
#6 F:\TCC\TCC\vendor\codeigniter4\framework\system\CodeIgniter.php(419): CodeIgniter\CodeIgniter->runController(Object(App\Controllers\Produtos))
#7 F:\TCC\TCC\vendor\codeigniter4\framework\system\CodeIgniter.php(326): CodeIgniter\CodeIgniter->handleRequest(NULL, Object(Config\Cache), false)
#8 F:\TCC\TCC\public\index.php(37): CodeIgniter\CodeIgniter->run()
#9 F:\TCC\TCC\vendor\codeigniter4\framework\system\Commands\Server\rewrite.php(43): require_once('F:\\TCC\\TCC\\publ...')
#10 {main}
CRITICAL - 2024-10-21 20:24:52 --> Undefined variable: item
#0 F:\TCC\TCC\app\Views\pagina_produtos.php(39): CodeIgniter\Debug\Exceptions->errorHandler(8, 'Undefined varia...', 'F:\\TCC\\TCC\\app\\...', 39, Array)
#1 F:\TCC\TCC\vendor\codeigniter4\framework\system\View\View.php(210): include('F:\\TCC\\TCC\\app\\...')
#2 F:\TCC\TCC\vendor\codeigniter4\framework\system\View\View.php(213): CodeIgniter\View\View->CodeIgniter\View\{closure}()
#3 F:\TCC\TCC\vendor\codeigniter4\framework\system\Common.php(1089): CodeIgniter\View\View->render('pagina_produtos', Array, true)
#4 F:\TCC\TCC\app\Controllers\Produtos.php(11): view('pagina_produtos')
#5 F:\TCC\TCC\vendor\codeigniter4\framework\system\CodeIgniter.php(832): App\Controllers\Produtos->index()
#6 F:\TCC\TCC\vendor\codeigniter4\framework\system\CodeIgniter.php(419): CodeIgniter\CodeIgniter->runController(Object(App\Controllers\Produtos))
#7 F:\TCC\TCC\vendor\codeigniter4\framework\system\CodeIgniter.php(326): CodeIgniter\CodeIgniter->handleRequest(NULL, Object(Config\Cache), false)
#8 F:\TCC\TCC\public\index.php(37): CodeIgniter\CodeIgniter->run()
#9 F:\TCC\TCC\vendor\codeigniter4\framework\system\Commands\Server\rewrite.php(43): require_once('F:\\TCC\\TCC\\publ...')
#10 {main}
CRITICAL - 2024-10-21 20:24:53 --> Undefined variable: item
#0 F:\TCC\TCC\app\Views\pagina_produtos.php(39): CodeIgniter\Debug\Exceptions->errorHandler(8, 'Undefined varia...', 'F:\\TCC\\TCC\\app\\...', 39, Array)
#1 F:\TCC\TCC\vendor\codeigniter4\framework\system\View\View.php(210): include('F:\\TCC\\TCC\\app\\...')
#2 F:\TCC\TCC\vendor\codeigniter4\framework\system\View\View.php(213): CodeIgniter\View\View->CodeIgniter\View\{closure}()
#3 F:\TCC\TCC\vendor\codeigniter4\framework\system\Common.php(1089): CodeIgniter\View\View->render('pagina_produtos', Array, true)
#4 F:\TCC\TCC\app\Controllers\Produtos.php(11): view('pagina_produtos')
#5 F:\TCC\TCC\vendor\codeigniter4\framework\system\CodeIgniter.php(832): App\Controllers\Produtos->index()
#6 F:\TCC\TCC\vendor\codeigniter4\framework\system\CodeIgniter.php(419): CodeIgniter\CodeIgniter->runController(Object(App\Controllers\Produtos))
#7 F:\TCC\TCC\vendor\codeigniter4\framework\system\CodeIgniter.php(326): CodeIgniter\CodeIgniter->handleRequest(NULL, Object(Config\Cache), false)
#8 F:\TCC\TCC\public\index.php(37): CodeIgniter\CodeIgniter->run()
#9 F:\TCC\TCC\vendor\codeigniter4\framework\system\Commands\Server\rewrite.php(43): require_once('F:\\TCC\\TCC\\publ...')
#10 {main}
CRITICAL - 2024-10-21 20:24:53 --> Undefined variable: item
#0 F:\TCC\TCC\app\Views\pagina_produtos.php(39): CodeIgniter\Debug\Exceptions->errorHandler(8, 'Undefined varia...', 'F:\\TCC\\TCC\\app\\...', 39, Array)
#1 F:\TCC\TCC\vendor\codeigniter4\framework\system\View\View.php(210): include('F:\\TCC\\TCC\\app\\...')
#2 F:\TCC\TCC\vendor\codeigniter4\framework\system\View\View.php(213): CodeIgniter\View\View->CodeIgniter\View\{closure}()
#3 F:\TCC\TCC\vendor\codeigniter4\framework\system\Common.php(1089): CodeIgniter\View\View->render('pagina_produtos', Array, true)
#4 F:\TCC\TCC\app\Controllers\Produtos.php(11): view('pagina_produtos')
#5 F:\TCC\TCC\vendor\codeigniter4\framework\system\CodeIgniter.php(832): App\Controllers\Produtos->index()
#6 F:\TCC\TCC\vendor\codeigniter4\framework\system\CodeIgniter.php(419): CodeIgniter\CodeIgniter->runController(Object(App\Controllers\Produtos))
#7 F:\TCC\TCC\vendor\codeigniter4\framework\system\CodeIgniter.php(326): CodeIgniter\CodeIgniter->handleRequest(NULL, Object(Config\Cache), false)
#8 F:\TCC\TCC\public\index.php(37): CodeIgniter\CodeIgniter->run()
#9 F:\TCC\TCC\vendor\codeigniter4\framework\system\Commands\Server\rewrite.php(43): require_once('F:\\TCC\\TCC\\publ...')
#10 {main}
CRITICAL - 2024-10-21 20:24:54 --> Undefined variable: item
#0 F:\TCC\TCC\app\Views\pagina_produtos.php(39): CodeIgniter\Debug\Exceptions->errorHandler(8, 'Undefined varia...', 'F:\\TCC\\TCC\\app\\...', 39, Array)
#1 F:\TCC\TCC\vendor\codeigniter4\framework\system\View\View.php(210): include('F:\\TCC\\TCC\\app\\...')
#2 F:\TCC\TCC\vendor\codeigniter4\framework\system\View\View.php(213): CodeIgniter\View\View->CodeIgniter\View\{closure}()
#3 F:\TCC\TCC\vendor\codeigniter4\framework\system\Common.php(1089): CodeIgniter\View\View->render('pagina_produtos', Array, true)
#4 F:\TCC\TCC\app\Controllers\Produtos.php(11): view('pagina_produtos')
#5 F:\TCC\TCC\vendor\codeigniter4\framework\system\CodeIgniter.php(832): App\Controllers\Produtos->index()
#6 F:\TCC\TCC\vendor\codeigniter4\framework\system\CodeIgniter.php(419): CodeIgniter\CodeIgniter->runController(Object(App\Controllers\Produtos))
#7 F:\TCC\TCC\vendor\codeigniter4\framework\system\CodeIgniter.php(326): CodeIgniter\CodeIgniter->handleRequest(NULL, Object(Config\Cache), false)
#8 F:\TCC\TCC\public\index.php(37): CodeIgniter\CodeIgniter->run()
#9 F:\TCC\TCC\vendor\codeigniter4\framework\system\Commands\Server\rewrite.php(43): require_once('F:\\TCC\\TCC\\publ...')
#10 {main}
CRITICAL - 2024-10-21 20:26:34 --> Undefined variable: item
#0 F:\TCC\TCC\app\Views\pagina_produtos.php(35): CodeIgniter\Debug\Exceptions->errorHandler(8, 'Undefined varia...', 'F:\\TCC\\TCC\\app\\...', 35, Array)
#1 F:\TCC\TCC\vendor\codeigniter4\framework\system\View\View.php(210): include('F:\\TCC\\TCC\\app\\...')
#2 F:\TCC\TCC\vendor\codeigniter4\framework\system\View\View.php(213): CodeIgniter\View\View->CodeIgniter\View\{closure}()
#3 F:\TCC\TCC\vendor\codeigniter4\framework\system\Common.php(1089): CodeIgniter\View\View->render('pagina_produtos', Array, true)
#4 F:\TCC\TCC\app\Controllers\Produtos.php(11): view('pagina_produtos')
#5 F:\TCC\TCC\vendor\codeigniter4\framework\system\CodeIgniter.php(832): App\Controllers\Produtos->index()
#6 F:\TCC\TCC\vendor\codeigniter4\framework\system\CodeIgniter.php(419): CodeIgniter\CodeIgniter->runController(Object(App\Controllers\Produtos))
#7 F:\TCC\TCC\vendor\codeigniter4\framework\system\CodeIgniter.php(326): CodeIgniter\CodeIgniter->handleRequest(NULL, Object(Config\Cache), false)
#8 F:\TCC\TCC\public\index.php(37): CodeIgniter\CodeIgniter->run()
#9 F:\TCC\TCC\vendor\codeigniter4\framework\system\Commands\Server\rewrite.php(43): require_once('F:\\TCC\\TCC\\publ...')
#10 {main}
CRITICAL - 2024-10-21 20:26:35 --> Undefined variable: item
#0 F:\TCC\TCC\app\Views\pagina_produtos.php(35): CodeIgniter\Debug\Exceptions->errorHandler(8, 'Undefined varia...', 'F:\\TCC\\TCC\\app\\...', 35, Array)
#1 F:\TCC\TCC\vendor\codeigniter4\framework\system\View\View.php(210): include('F:\\TCC\\TCC\\app\\...')
#2 F:\TCC\TCC\vendor\codeigniter4\framework\system\View\View.php(213): CodeIgniter\View\View->CodeIgniter\View\{closure}()
#3 F:\TCC\TCC\vendor\codeigniter4\framework\system\Common.php(1089): CodeIgniter\View\View->render('pagina_produtos', Array, true)
#4 F:\TCC\TCC\app\Controllers\Produtos.php(11): view('pagina_produtos')
#5 F:\TCC\TCC\vendor\codeigniter4\framework\system\CodeIgniter.php(832): App\Controllers\Produtos->index()
#6 F:\TCC\TCC\vendor\codeigniter4\framework\system\CodeIgniter.php(419): CodeIgniter\CodeIgniter->runController(Object(App\Controllers\Produtos))
#7 F:\TCC\TCC\vendor\codeigniter4\framework\system\CodeIgniter.php(326): CodeIgniter\CodeIgniter->handleRequest(NULL, Object(Config\Cache), false)
#8 F:\TCC\TCC\public\index.php(37): CodeIgniter\CodeIgniter->run()
#9 F:\TCC\TCC\vendor\codeigniter4\framework\system\Commands\Server\rewrite.php(43): require_once('F:\\TCC\\TCC\\publ...')
#10 {main}
CRITICAL - 2024-10-21 20:26:35 --> Undefined variable: item
#0 F:\TCC\TCC\app\Views\pagina_produtos.php(35): CodeIgniter\Debug\Exceptions->errorHandler(8, 'Undefined varia...', 'F:\\TCC\\TCC\\app\\...', 35, Array)
#1 F:\TCC\TCC\vendor\codeigniter4\framework\system\View\View.php(210): include('F:\\TCC\\TCC\\app\\...')
#2 F:\TCC\TCC\vendor\codeigniter4\framework\system\View\View.php(213): CodeIgniter\View\View->CodeIgniter\View\{closure}()
#3 F:\TCC\TCC\vendor\codeigniter4\framework\system\Common.php(1089): CodeIgniter\View\View->render('pagina_produtos', Array, true)
#4 F:\TCC\TCC\app\Controllers\Produtos.php(11): view('pagina_produtos')
#5 F:\TCC\TCC\vendor\codeigniter4\framework\system\CodeIgniter.php(832): App\Controllers\Produtos->index()
#6 F:\TCC\TCC\vendor\codeigniter4\framework\system\CodeIgniter.php(419): CodeIgniter\CodeIgniter->runController(Object(App\Controllers\Produtos))
#7 F:\TCC\TCC\vendor\codeigniter4\framework\system\CodeIgniter.php(326): CodeIgniter\CodeIgniter->handleRequest(NULL, Object(Config\Cache), false)
#8 F:\TCC\TCC\public\index.php(37): CodeIgniter\CodeIgniter->run()
#9 F:\TCC\TCC\vendor\codeigniter4\framework\system\Commands\Server\rewrite.php(43): require_once('F:\\TCC\\TCC\\publ...')
#10 {main}
CRITICAL - 2024-10-21 20:26:35 --> Undefined variable: item
#0 F:\TCC\TCC\app\Views\pagina_produtos.php(35): CodeIgniter\Debug\Exceptions->errorHandler(8, 'Undefined varia...', 'F:\\TCC\\TCC\\app\\...', 35, Array)
#1 F:\TCC\TCC\vendor\codeigniter4\framework\system\View\View.php(210): include('F:\\TCC\\TCC\\app\\...')
#2 F:\TCC\TCC\vendor\codeigniter4\framework\system\View\View.php(213): CodeIgniter\View\View->CodeIgniter\View\{closure}()
#3 F:\TCC\TCC\vendor\codeigniter4\framework\system\Common.php(1089): CodeIgniter\View\View->render('pagina_produtos', Array, true)
#4 F:\TCC\TCC\app\Controllers\Produtos.php(11): view('pagina_produtos')
#5 F:\TCC\TCC\vendor\codeigniter4\framework\system\CodeIgniter.php(832): App\Controllers\Produtos->index()
#6 F:\TCC\TCC\vendor\codeigniter4\framework\system\CodeIgniter.php(419): CodeIgniter\CodeIgniter->runController(Object(App\Controllers\Produtos))
#7 F:\TCC\TCC\vendor\codeigniter4\framework\system\CodeIgniter.php(326): CodeIgniter\CodeIgniter->handleRequest(NULL, Object(Config\Cache), false)
#8 F:\TCC\TCC\public\index.php(37): CodeIgniter\CodeIgniter->run()
#9 F:\TCC\TCC\vendor\codeigniter4\framework\system\Commands\Server\rewrite.php(43): require_once('F:\\TCC\\TCC\\publ...')
#10 {main}
CRITICAL - 2024-10-21 20:26:50 --> Undefined variable: item
#0 F:\TCC\TCC\app\Views\pagina_produtos.php(35): CodeIgniter\Debug\Exceptions->errorHandler(8, 'Undefined varia...', 'F:\\TCC\\TCC\\app\\...', 35, Array)
#1 F:\TCC\TCC\vendor\codeigniter4\framework\system\View\View.php(210): include('F:\\TCC\\TCC\\app\\...')
#2 F:\TCC\TCC\vendor\codeigniter4\framework\system\View\View.php(213): CodeIgniter\View\View->CodeIgniter\View\{closure}()
#3 F:\TCC\TCC\vendor\codeigniter4\framework\system\Common.php(1089): CodeIgniter\View\View->render('pagina_produtos', Array, true)
#4 F:\TCC\TCC\app\Controllers\Produtos.php(11): view('pagina_produtos')
#5 F:\TCC\TCC\vendor\codeigniter4\framework\system\CodeIgniter.php(832): App\Controllers\Produtos->index()
#6 F:\TCC\TCC\vendor\codeigniter4\framework\system\CodeIgniter.php(419): CodeIgniter\CodeIgniter->runController(Object(App\Controllers\Produtos))
#7 F:\TCC\TCC\vendor\codeigniter4\framework\system\CodeIgniter.php(326): CodeIgniter\CodeIgniter->handleRequest(NULL, Object(Config\Cache), false)
#8 F:\TCC\TCC\public\index.php(37): CodeIgniter\CodeIgniter->run()
#9 F:\TCC\TCC\vendor\codeigniter4\framework\system\Commands\Server\rewrite.php(43): require_once('F:\\TCC\\TCC\\publ...')
#10 {main}
CRITICAL - 2024-10-21 20:26:52 --> Undefined variable: item
#0 F:\TCC\TCC\app\Views\pagina_produtos.php(35): CodeIgniter\Debug\Exceptions->errorHandler(8, 'Undefined varia...', 'F:\\TCC\\TCC\\app\\...', 35, Array)
#1 F:\TCC\TCC\vendor\codeigniter4\framework\system\View\View.php(210): include('F:\\TCC\\TCC\\app\\...')
#2 F:\TCC\TCC\vendor\codeigniter4\framework\system\View\View.php(213): CodeIgniter\View\View->CodeIgniter\View\{closure}()
#3 F:\TCC\TCC\vendor\codeigniter4\framework\system\Common.php(1089): CodeIgniter\View\View->render('pagina_produtos', Array, true)
#4 F:\TCC\TCC\app\Controllers\Produtos.php(11): view('pagina_produtos')
#5 F:\TCC\TCC\vendor\codeigniter4\framework\system\CodeIgniter.php(832): App\Controllers\Produtos->index()
#6 F:\TCC\TCC\vendor\codeigniter4\framework\system\CodeIgniter.php(419): CodeIgniter\CodeIgniter->runController(Object(App\Controllers\Produtos))
#7 F:\TCC\TCC\vendor\codeigniter4\framework\system\CodeIgniter.php(326): CodeIgniter\CodeIgniter->handleRequest(NULL, Object(Config\Cache), false)
#8 F:\TCC\TCC\public\index.php(37): CodeIgniter\CodeIgniter->run()
#9 F:\TCC\TCC\vendor\codeigniter4\framework\system\Commands\Server\rewrite.php(43): require_once('F:\\TCC\\TCC\\publ...')
#10 {main}
CRITICAL - 2024-10-21 20:26:52 --> Undefined variable: item
#0 F:\TCC\TCC\app\Views\pagina_produtos.php(35): CodeIgniter\Debug\Exceptions->errorHandler(8, 'Undefined varia...', 'F:\\TCC\\TCC\\app\\...', 35, Array)
#1 F:\TCC\TCC\vendor\codeigniter4\framework\system\View\View.php(210): include('F:\\TCC\\TCC\\app\\...')
#2 F:\TCC\TCC\vendor\codeigniter4\framework\system\View\View.php(213): CodeIgniter\View\View->CodeIgniter\View\{closure}()
#3 F:\TCC\TCC\vendor\codeigniter4\framework\system\Common.php(1089): CodeIgniter\View\View->render('pagina_produtos', Array, true)
#4 F:\TCC\TCC\app\Controllers\Produtos.php(11): view('pagina_produtos')
#5 F:\TCC\TCC\vendor\codeigniter4\framework\system\CodeIgniter.php(832): App\Controllers\Produtos->index()
#6 F:\TCC\TCC\vendor\codeigniter4\framework\system\CodeIgniter.php(419): CodeIgniter\CodeIgniter->runController(Object(App\Controllers\Produtos))
#7 F:\TCC\TCC\vendor\codeigniter4\framework\system\CodeIgniter.php(326): CodeIgniter\CodeIgniter->handleRequest(NULL, Object(Config\Cache), false)
#8 F:\TCC\TCC\public\index.php(37): CodeIgniter\CodeIgniter->run()
#9 F:\TCC\TCC\vendor\codeigniter4\framework\system\Commands\Server\rewrite.php(43): require_once('F:\\TCC\\TCC\\publ...')
#10 {main}
CRITICAL - 2024-10-21 20:26:52 --> Undefined variable: item
#0 F:\TCC\TCC\app\Views\pagina_produtos.php(35): CodeIgniter\Debug\Exceptions->errorHandler(8, 'Undefined varia...', 'F:\\TCC\\TCC\\app\\...', 35, Array)
#1 F:\TCC\TCC\vendor\codeigniter4\framework\system\View\View.php(210): include('F:\\TCC\\TCC\\app\\...')
#2 F:\TCC\TCC\vendor\codeigniter4\framework\system\View\View.php(213): CodeIgniter\View\View->CodeIgniter\View\{closure}()
#3 F:\TCC\TCC\vendor\codeigniter4\framework\system\Common.php(1089): CodeIgniter\View\View->render('pagina_produtos', Array, true)
#4 F:\TCC\TCC\app\Controllers\Produtos.php(11): view('pagina_produtos')
#5 F:\TCC\TCC\vendor\codeigniter4\framework\system\CodeIgniter.php(832): App\Controllers\Produtos->index()
#6 F:\TCC\TCC\vendor\codeigniter4\framework\system\CodeIgniter.php(419): CodeIgniter\CodeIgniter->runController(Object(App\Controllers\Produtos))
#7 F:\TCC\TCC\vendor\codeigniter4\framework\system\CodeIgniter.php(326): CodeIgniter\CodeIgniter->handleRequest(NULL, Object(Config\Cache), false)
#8 F:\TCC\TCC\public\index.php(37): CodeIgniter\CodeIgniter->run()
#9 F:\TCC\TCC\vendor\codeigniter4\framework\system\Commands\Server\rewrite.php(43): require_once('F:\\TCC\\TCC\\publ...')
#10 {main}
CRITICAL - 2024-10-21 20:26:52 --> Undefined variable: item
#0 F:\TCC\TCC\app\Views\pagina_produtos.php(35): CodeIgniter\Debug\Exceptions->errorHandler(8, 'Undefined varia...', 'F:\\TCC\\TCC\\app\\...', 35, Array)
#1 F:\TCC\TCC\vendor\codeigniter4\framework\system\View\View.php(210): include('F:\\TCC\\TCC\\app\\...')
#2 F:\TCC\TCC\vendor\codeigniter4\framework\system\View\View.php(213): CodeIgniter\View\View->CodeIgniter\View\{closure}()
#3 F:\TCC\TCC\vendor\codeigniter4\framework\system\Common.php(1089): CodeIgniter\View\View->render('pagina_produtos', Array, true)
#4 F:\TCC\TCC\app\Controllers\Produtos.php(11): view('pagina_produtos')
#5 F:\TCC\TCC\vendor\codeigniter4\framework\system\CodeIgniter.php(832): App\Controllers\Produtos->index()
#6 F:\TCC\TCC\vendor\codeigniter4\framework\system\CodeIgniter.php(419): CodeIgniter\CodeIgniter->runController(Object(App\Controllers\Produtos))
#7 F:\TCC\TCC\vendor\codeigniter4\framework\system\CodeIgniter.php(326): CodeIgniter\CodeIgniter->handleRequest(NULL, Object(Config\Cache), false)
#8 F:\TCC\TCC\public\index.php(37): CodeIgniter\CodeIgniter->run()
#9 F:\TCC\TCC\vendor\codeigniter4\framework\system\Commands\Server\rewrite.php(43): require_once('F:\\TCC\\TCC\\publ...')
#10 {main}
CRITICAL - 2024-10-21 20:26:53 --> Undefined variable: item
#0 F:\TCC\TCC\app\Views\pagina_produtos.php(35): CodeIgniter\Debug\Exceptions->errorHandler(8, 'Undefined varia...', 'F:\\TCC\\TCC\\app\\...', 35, Array)
#1 F:\TCC\TCC\vendor\codeigniter4\framework\system\View\View.php(210): include('F:\\TCC\\TCC\\app\\...')
#2 F:\TCC\TCC\vendor\codeigniter4\framework\system\View\View.php(213): CodeIgniter\View\View->CodeIgniter\View\{closure}()
#3 F:\TCC\TCC\vendor\codeigniter4\framework\system\Common.php(1089): CodeIgniter\View\View->render('pagina_produtos', Array, true)
#4 F:\TCC\TCC\app\Controllers\Produtos.php(11): view('pagina_produtos')
#5 F:\TCC\TCC\vendor\codeigniter4\framework\system\CodeIgniter.php(832): App\Controllers\Produtos->index()
#6 F:\TCC\TCC\vendor\codeigniter4\framework\system\CodeIgniter.php(419): CodeIgniter\CodeIgniter->runController(Object(App\Controllers\Produtos))
#7 F:\TCC\TCC\vendor\codeigniter4\framework\system\CodeIgniter.php(326): CodeIgniter\CodeIgniter->handleRequest(NULL, Object(Config\Cache), false)
#8 F:\TCC\TCC\public\index.php(37): CodeIgniter\CodeIgniter->run()
#9 F:\TCC\TCC\vendor\codeigniter4\framework\system\Commands\Server\rewrite.php(43): require_once('F:\\TCC\\TCC\\publ...')
#10 {main}
CRITICAL - 2024-10-21 20:26:53 --> Undefined variable: item
#0 F:\TCC\TCC\app\Views\pagina_produtos.php(35): CodeIgniter\Debug\Exceptions->errorHandler(8, 'Undefined varia...', 'F:\\TCC\\TCC\\app\\...', 35, Array)
#1 F:\TCC\TCC\vendor\codeigniter4\framework\system\View\View.php(210): include('F:\\TCC\\TCC\\app\\...')
#2 F:\TCC\TCC\vendor\codeigniter4\framework\system\View\View.php(213): CodeIgniter\View\View->CodeIgniter\View\{closure}()
#3 F:\TCC\TCC\vendor\codeigniter4\framework\system\Common.php(1089): CodeIgniter\View\View->render('pagina_produtos', Array, true)
#4 F:\TCC\TCC\app\Controllers\Produtos.php(11): view('pagina_produtos')
#5 F:\TCC\TCC\vendor\codeigniter4\framework\system\CodeIgniter.php(832): App\Controllers\Produtos->index()
#6 F:\TCC\TCC\vendor\codeigniter4\framework\system\CodeIgniter.php(419): CodeIgniter\CodeIgniter->runController(Object(App\Controllers\Produtos))
#7 F:\TCC\TCC\vendor\codeigniter4\framework\system\CodeIgniter.php(326): CodeIgniter\CodeIgniter->handleRequest(NULL, Object(Config\Cache), false)
#8 F:\TCC\TCC\public\index.php(37): CodeIgniter\CodeIgniter->run()
#9 F:\TCC\TCC\vendor\codeigniter4\framework\system\Commands\Server\rewrite.php(43): require_once('F:\\TCC\\TCC\\publ...')
#10 {main}
CRITICAL - 2024-10-21 20:27:34 --> Undefined variable: produtos
#0 F:\TCC\TCC\app\Views\pagina_produtos.php(36): CodeIgniter\Debug\Exceptions->errorHandler(8, 'Undefined varia...', 'F:\\TCC\\TCC\\app\\...', 36, Array)
#1 F:\TCC\TCC\vendor\codeigniter4\framework\system\View\View.php(210): include('F:\\TCC\\TCC\\app\\...')
#2 F:\TCC\TCC\vendor\codeigniter4\framework\system\View\View.php(213): CodeIgniter\View\View->CodeIgniter\View\{closure}()
#3 F:\TCC\TCC\vendor\codeigniter4\framework\system\Common.php(1089): CodeIgniter\View\View->render('pagina_produtos', Array, true)
#4 F:\TCC\TCC\app\Controllers\Produtos.php(11): view('pagina_produtos')
#5 F:\TCC\TCC\vendor\codeigniter4\framework\system\CodeIgniter.php(832): App\Controllers\Produtos->index()
#6 F:\TCC\TCC\vendor\codeigniter4\framework\system\CodeIgniter.php(419): CodeIgniter\CodeIgniter->runController(Object(App\Controllers\Produtos))
#7 F:\TCC\TCC\vendor\codeigniter4\framework\system\CodeIgniter.php(326): CodeIgniter\CodeIgniter->handleRequest(NULL, Object(Config\Cache), false)
#8 F:\TCC\TCC\public\index.php(37): CodeIgniter\CodeIgniter->run()
#9 F:\TCC\TCC\vendor\codeigniter4\framework\system\Commands\Server\rewrite.php(43): require_once('F:\\TCC\\TCC\\publ...')
#10 {main}
CRITICAL - 2024-10-21 20:29:58 --> Undefined variable: produtos
#0 F:\TCC\TCC\app\Views\pagina_produtos.php(36): CodeIgniter\Debug\Exceptions->errorHandler(8, 'Undefined varia...', 'F:\\TCC\\TCC\\app\\...', 36, Array)
#1 F:\TCC\TCC\vendor\codeigniter4\framework\system\View\View.php(210): include('F:\\TCC\\TCC\\app\\...')
#2 F:\TCC\TCC\vendor\codeigniter4\framework\system\View\View.php(213): CodeIgniter\View\View->CodeIgniter\View\{closure}()
#3 F:\TCC\TCC\vendor\codeigniter4\framework\system\Common.php(1089): CodeIgniter\View\View->render('pagina_produtos', Array, true)
#4 F:\TCC\TCC\app\Controllers\Produtos.php(11): view('pagina_produtos')
#5 F:\TCC\TCC\vendor\codeigniter4\framework\system\CodeIgniter.php(832): App\Controllers\Produtos->index()
#6 F:\TCC\TCC\vendor\codeigniter4\framework\system\CodeIgniter.php(419): CodeIgniter\CodeIgniter->runController(Object(App\Controllers\Produtos))
#7 F:\TCC\TCC\vendor\codeigniter4\framework\system\CodeIgniter.php(326): CodeIgniter\CodeIgniter->handleRequest(NULL, Object(Config\Cache), false)
#8 F:\TCC\TCC\public\index.php(37): CodeIgniter\CodeIgniter->run()
#9 F:\TCC\TCC\vendor\codeigniter4\framework\system\Commands\Server\rewrite.php(43): require_once('F:\\TCC\\TCC\\publ...')
#10 {main}
CRITICAL - 2024-10-21 20:31:51 --> Undefined variable: produtos
#0 F:\TCC\TCC\app\Views\pagina_produtos.php(36): CodeIgniter\Debug\Exceptions->errorHandler(8, 'Undefined varia...', 'F:\\TCC\\TCC\\app\\...', 36, Array)
#1 F:\TCC\TCC\vendor\codeigniter4\framework\system\View\View.php(210): include('F:\\TCC\\TCC\\app\\...')
#2 F:\TCC\TCC\vendor\codeigniter4\framework\system\View\View.php(213): CodeIgniter\View\View->CodeIgniter\View\{closure}()
#3 F:\TCC\TCC\vendor\codeigniter4\framework\system\Common.php(1089): CodeIgniter\View\View->render('pagina_produtos', Array, true)
#4 F:\TCC\TCC\app\Controllers\Produtos.php(11): view('pagina_produtos')
#5 F:\TCC\TCC\vendor\codeigniter4\framework\system\CodeIgniter.php(832): App\Controllers\Produtos->index()
#6 F:\TCC\TCC\vendor\codeigniter4\framework\system\CodeIgniter.php(419): CodeIgniter\CodeIgniter->runController(Object(App\Controllers\Produtos))
#7 F:\TCC\TCC\vendor\codeigniter4\framework\system\CodeIgniter.php(326): CodeIgniter\CodeIgniter->handleRequest(NULL, Object(Config\Cache), false)
#8 F:\TCC\TCC\public\index.php(37): CodeIgniter\CodeIgniter->run()
#9 F:\TCC\TCC\vendor\codeigniter4\framework\system\Commands\Server\rewrite.php(43): require_once('F:\\TCC\\TCC\\publ...')
#10 {main}
CRITICAL - 2024-10-21 20:32:03 --> Invalid file: Produtos.php
#0 F:\TCC\TCC\vendor\codeigniter4\framework\system\View\View.php(198): CodeIgniter\Exceptions\FrameworkException::forInvalidFile('Produtos.php')
#1 F:\TCC\TCC\vendor\codeigniter4\framework\system\Common.php(1089): CodeIgniter\View\View->render('Produtos', Array, true)
#2 F:\TCC\TCC\app\Controllers\ProdutoController.php(15): view('Produtos', Array)
#3 F:\TCC\TCC\vendor\codeigniter4\framework\system\CodeIgniter.php(832): App\Controllers\ProdutoController->index()
#4 F:\TCC\TCC\vendor\codeigniter4\framework\system\CodeIgniter.php(419): CodeIgniter\CodeIgniter->runController(Object(App\Controllers\ProdutoController))
#5 F:\TCC\TCC\vendor\codeigniter4\framework\system\CodeIgniter.php(326): CodeIgniter\CodeIgniter->handleRequest(NULL, Object(Config\Cache), false)
#6 F:\TCC\TCC\public\index.php(37): CodeIgniter\CodeIgniter->run()
#7 F:\TCC\TCC\vendor\codeigniter4\framework\system\Commands\Server\rewrite.php(43): require_once('F:\\TCC\\TCC\\publ...')
#8 {main}
CRITICAL - 2024-10-21 20:32:34 --> Array to string conversion
#0 F:\TCC\TCC\app\Views\pagina_produtos.php(36): CodeIgniter\Debug\Exceptions->errorHandler(8, 'Array to string...', 'F:\\TCC\\TCC\\app\\...', 36, Array)
#1 F:\TCC\TCC\vendor\codeigniter4\framework\system\View\View.php(210): include('F:\\TCC\\TCC\\app\\...')
#2 F:\TCC\TCC\vendor\codeigniter4\framework\system\View\View.php(213): CodeIgniter\View\View->CodeIgniter\View\{closure}()
#3 F:\TCC\TCC\vendor\codeigniter4\framework\system\Common.php(1089): CodeIgniter\View\View->render('pagina_produtos', Array, true)
#4 F:\TCC\TCC\app\Controllers\ProdutoController.php(15): view('pagina_produtos', Array)
#5 F:\TCC\TCC\vendor\codeigniter4\framework\system\CodeIgniter.php(832): App\Controllers\ProdutoController->index()
#6 F:\TCC\TCC\vendor\codeigniter4\framework\system\CodeIgniter.php(419): CodeIgniter\CodeIgniter->runController(Object(App\Controllers\ProdutoController))
#7 F:\TCC\TCC\vendor\codeigniter4\framework\system\CodeIgniter.php(326): CodeIgniter\CodeIgniter->handleRequest(NULL, Object(Config\Cache), false)
#8 F:\TCC\TCC\public\index.php(37): CodeIgniter\CodeIgniter->run()
#9 F:\TCC\TCC\vendor\codeigniter4\framework\system\Commands\Server\rewrite.php(43): require_once('F:\\TCC\\TCC\\publ...')
#10 {main}
ERROR - 2024-10-21 22:30:34 --> Unknown column 'imagem' in 'field list'
CRITICAL - 2024-10-21 22:30:34 --> Unknown column 'imagem' in 'field list'
#0 D:\TCC\vendor\codeigniter4\framework\system\Database\MySQLi\Connection.php(292): mysqli->query()
#1 D:\TCC\vendor\codeigniter4\framework\system\Database\BaseConnection.php(670): CodeIgniter\Database\MySQLi\Connection->execute()
#2 D:\TCC\vendor\codeigniter4\framework\system\Database\BaseConnection.php(598): CodeIgniter\Database\BaseConnection->simpleQuery()
#3 D:\TCC\vendor\codeigniter4\framework\system\Database\BaseBuilder.php(1771): CodeIgniter\Database\BaseConnection->query()
#4 D:\TCC\vendor\codeigniter4\framework\system\Model.php(239): CodeIgniter\Database\BaseBuilder->insert()
#5 D:\TCC\vendor\codeigniter4\framework\system\BaseModel.php(738): CodeIgniter\Model->doInsert()
#6 D:\TCC\vendor\codeigniter4\framework\system\Model.php(625): CodeIgniter\BaseModel->insert()
#7 D:\TCC\vendor\codeigniter4\framework\system\BaseModel.php(658): CodeIgniter\Model->insert()
#8 D:\TCC\app\Controllers\ProdutoController.php(35): CodeIgniter\BaseModel->save()
#9 D:\TCC\vendor\codeigniter4\framework\system\CodeIgniter.php(832): App\Controllers\ProdutoController->salvar()
#10 D:\TCC\vendor\codeigniter4\framework\system\CodeIgniter.php(419): CodeIgniter\CodeIgniter->runController()
#11 D:\TCC\vendor\codeigniter4\framework\system\CodeIgniter.php(326): CodeIgniter\CodeIgniter->handleRequest()
#12 D:\TCC\public\index.php(37): CodeIgniter\CodeIgniter->run()
#13 D:\TCC\vendor\codeigniter4\framework\system\Commands\Server\rewrite.php(43): require_once('...')
#14 {main}
