ERROR - 2024-10-20 12:48:19 --> Error connecting to the database: Nenhuma conexão pôde ser feita porque a máquina de destino as recusou ativamente
CRITICAL - 2024-10-20 12:48:19 --> Unable to connect to the database.
Main connection [MySQLi]: Nenhuma conexão pôde ser feita porque a máquina de destino as recusou ativamente
#0 D:\TCC\Nova pasta\TCC\TCC\vendor\codeigniter4\framework\system\Database\BaseConnection.php(577): CodeIgniter\Database\BaseConnection->initialize()
#1 D:\TCC\Nova pasta\TCC\TCC\vendor\codeigniter4\framework\system\Database\BaseBuilder.php(1455): CodeIgniter\Database\BaseConnection->query()
#2 D:\TCC\Nova pasta\TCC\TCC\vendor\codeigniter4\framework\system\Model.php(183): CodeIgniter\Database\BaseBuilder->get()
#3 D:\TCC\Nova pasta\TCC\TCC\vendor\codeigniter4\framework\system\BaseModel.php(584): CodeIgniter\Model->doFindAll()
#4 D:\TCC\Nova pasta\TCC\TCC\app\Controllers\CategoriaController.php(15): CodeIgniter\BaseModel->findAll()
#5 D:\TCC\Nova pasta\TCC\TCC\vendor\codeigniter4\framework\system\CodeIgniter.php(832): App\Controllers\CategoriaController->index()
#6 D:\TCC\Nova pasta\TCC\TCC\vendor\codeigniter4\framework\system\CodeIgniter.php(419): CodeIgniter\CodeIgniter->runController()
#7 D:\TCC\Nova pasta\TCC\TCC\vendor\codeigniter4\framework\system\CodeIgniter.php(326): CodeIgniter\CodeIgniter->handleRequest()
#8 D:\TCC\Nova pasta\TCC\TCC\public\index.php(37): CodeIgniter\CodeIgniter->run()
#9 D:\TCC\Nova pasta\TCC\TCC\vendor\codeigniter4\framework\system\Commands\Server\rewrite.php(43): require_once('...')
#10 {main}
ERROR - 2024-10-20 13:41:54 --> Error connecting to the database: Nenhuma conexão pôde ser feita porque a máquina de destino as recusou ativamente
CRITICAL - 2024-10-20 13:41:54 --> Unable to connect to the database.
Main connection [MySQLi]: Nenhuma conexão pôde ser feita porque a máquina de destino as recusou ativamente
#0 D:\TCC\TCC\vendor\codeigniter4\framework\system\Database\BaseConnection.php(577): CodeIgniter\Database\BaseConnection->initialize()
#1 D:\TCC\TCC\vendor\codeigniter4\framework\system\Database\BaseBuilder.php(1455): CodeIgniter\Database\BaseConnection->query()
#2 D:\TCC\TCC\vendor\codeigniter4\framework\system\Model.php(183): CodeIgniter\Database\BaseBuilder->get()
#3 D:\TCC\TCC\vendor\codeigniter4\framework\system\BaseModel.php(584): CodeIgniter\Model->doFindAll()
#4 D:\TCC\TCC\app\Controllers\CategoriaController.php(15): CodeIgniter\BaseModel->findAll()
#5 D:\TCC\TCC\vendor\codeigniter4\framework\system\CodeIgniter.php(832): App\Controllers\CategoriaController->index()
#6 D:\TCC\TCC\vendor\codeigniter4\framework\system\CodeIgniter.php(419): CodeIgniter\CodeIgniter->runController()
#7 D:\TCC\TCC\vendor\codeigniter4\framework\system\CodeIgniter.php(326): CodeIgniter\CodeIgniter->handleRequest()
#8 D:\TCC\TCC\public\index.php(37): CodeIgniter\CodeIgniter->run()
#9 D:\TCC\TCC\vendor\codeigniter4\framework\system\Commands\Server\rewrite.php(43): require_once('...')
#10 {main}
