CRITICAL - 2024-10-19 22:49:58 --> Class "App\Controllers\CategoriaModel" not found
#0 C:\Users\User\Desktop\TCC\vendor\codeigniter4\framework\system\CodeIgniter.php(832): App\Controllers\CategoriaController->index()
#1 C:\Users\User\Desktop\TCC\vendor\codeigniter4\framework\system\CodeIgniter.php(419): CodeIgniter\CodeIgniter->runController()
#2 C:\Users\User\Desktop\TCC\vendor\codeigniter4\framework\system\CodeIgniter.php(326): CodeIgniter\CodeIgniter->handleRequest()
#3 C:\Users\User\Desktop\TCC\public\index.php(37): CodeIgniter\CodeIgniter->run()
#4 C:\Users\User\Desktop\TCC\vendor\codeigniter4\framework\system\Commands\Server\rewrite.php(43): require_once('...')
#5 {main}
CRITICAL - 2024-10-19 23:09:02 --> Class "App\Controllers\CategoriaModel" not found
#0 D:\TCC\Nova pasta\TCC\TCC\vendor\codeigniter4\framework\system\CodeIgniter.php(832): App\Controllers\CategoriaController->index()
#1 D:\TCC\Nova pasta\TCC\TCC\vendor\codeigniter4\framework\system\CodeIgniter.php(419): CodeIgniter\CodeIgniter->runController()
#2 D:\TCC\Nova pasta\TCC\TCC\vendor\codeigniter4\framework\system\CodeIgniter.php(326): CodeIgniter\CodeIgniter->handleRequest()
#3 D:\TCC\Nova pasta\TCC\TCC\public\index.php(37): CodeIgniter\CodeIgniter->run()
#4 D:\TCC\Nova pasta\TCC\TCC\vendor\codeigniter4\framework\system\Commands\Server\rewrite.php(43): require_once('...')
#5 {main}
CRITICAL - 2024-10-19 23:17:20 --> Call to undefined method App\Controllers\CategoriaController::findAll()
#0 D:\TCC\Nova pasta\TCC\TCC\vendor\codeigniter4\framework\system\CodeIgniter.php(832): App\Controllers\CategoriaController->index()
#1 D:\TCC\Nova pasta\TCC\TCC\vendor\codeigniter4\framework\system\CodeIgniter.php(419): CodeIgniter\CodeIgniter->runController()
#2 D:\TCC\Nova pasta\TCC\TCC\vendor\codeigniter4\framework\system\CodeIgniter.php(326): CodeIgniter\CodeIgniter->handleRequest()
#3 D:\TCC\Nova pasta\TCC\TCC\public\index.php(37): CodeIgniter\CodeIgniter->run()
#4 D:\TCC\Nova pasta\TCC\TCC\vendor\codeigniter4\framework\system\Commands\Server\rewrite.php(43): require_once('...')
#5 {main}
CRITICAL - 2024-10-19 23:20:05 --> Undefined constant "CodeIgniter\Database\MySQLi\MYSQLI_STORE_RESULT"
#0 D:\TCC\Nova pasta\TCC\TCC\vendor\codeigniter4\framework\system\Database\Database.php(56): CodeIgniter\Database\Database->initDriver()
#1 D:\TCC\Nova pasta\TCC\TCC\vendor\codeigniter4\framework\system\Database\Config.php(78): CodeIgniter\Database\Database->load()
#2 D:\TCC\Nova pasta\TCC\TCC\vendor\codeigniter4\framework\system\Model.php(97): CodeIgniter\Database\Config::connect()
#3 D:\TCC\Nova pasta\TCC\TCC\app\Controllers\CategoriaController.php(11): CodeIgniter\Model->__construct()
#4 D:\TCC\Nova pasta\TCC\TCC\vendor\codeigniter4\framework\system\CodeIgniter.php(832): App\Controllers\CategoriaController->index()
#5 D:\TCC\Nova pasta\TCC\TCC\vendor\codeigniter4\framework\system\CodeIgniter.php(419): CodeIgniter\CodeIgniter->runController()
#6 D:\TCC\Nova pasta\TCC\TCC\vendor\codeigniter4\framework\system\CodeIgniter.php(326): CodeIgniter\CodeIgniter->handleRequest()
#7 D:\TCC\Nova pasta\TCC\TCC\public\index.php(37): CodeIgniter\CodeIgniter->run()
#8 D:\TCC\Nova pasta\TCC\TCC\vendor\codeigniter4\framework\system\Commands\Server\rewrite.php(43): require_once('...')
#9 {main}
CRITICAL - 2024-10-19 23:21:05 --> Undefined constant "CodeIgniter\Database\MySQLi\MYSQLI_STORE_RESULT"
#0 D:\TCC\Nova pasta\TCC\TCC\vendor\codeigniter4\framework\system\Database\Database.php(56): CodeIgniter\Database\Database->initDriver()
#1 D:\TCC\Nova pasta\TCC\TCC\vendor\codeigniter4\framework\system\Database\Config.php(78): CodeIgniter\Database\Database->load()
#2 D:\TCC\Nova pasta\TCC\TCC\vendor\codeigniter4\framework\system\Model.php(97): CodeIgniter\Database\Config::connect()
#3 D:\TCC\Nova pasta\TCC\TCC\app\Controllers\CategoriaController.php(11): CodeIgniter\Model->__construct()
#4 D:\TCC\Nova pasta\TCC\TCC\vendor\codeigniter4\framework\system\CodeIgniter.php(832): App\Controllers\CategoriaController->index()
#5 D:\TCC\Nova pasta\TCC\TCC\vendor\codeigniter4\framework\system\CodeIgniter.php(419): CodeIgniter\CodeIgniter->runController()
#6 D:\TCC\Nova pasta\TCC\TCC\vendor\codeigniter4\framework\system\CodeIgniter.php(326): CodeIgniter\CodeIgniter->handleRequest()
#7 D:\TCC\Nova pasta\TCC\TCC\public\index.php(37): CodeIgniter\CodeIgniter->run()
#8 D:\TCC\Nova pasta\TCC\TCC\vendor\codeigniter4\framework\system\Commands\Server\rewrite.php(43): require_once('...')
#9 {main}
ERROR - 2024-10-19 23:29:03 --> Error connecting to the database: Unknown database 'amlustres'
CRITICAL - 2024-10-19 23:29:03 --> Unable to connect to the database.
Main connection [MySQLi]: Unknown database 'amlustres'
#0 D:\TCC\Nova pasta\TCC\TCC\vendor\codeigniter4\framework\system\Database\BaseConnection.php(577): CodeIgniter\Database\BaseConnection->initialize()
#1 D:\TCC\Nova pasta\TCC\TCC\vendor\codeigniter4\framework\system\Database\BaseBuilder.php(1455): CodeIgniter\Database\BaseConnection->query()
#2 D:\TCC\Nova pasta\TCC\TCC\vendor\codeigniter4\framework\system\Model.php(183): CodeIgniter\Database\BaseBuilder->get()
#3 D:\TCC\Nova pasta\TCC\TCC\vendor\codeigniter4\framework\system\BaseModel.php(584): CodeIgniter\Model->doFindAll()
#4 D:\TCC\Nova pasta\TCC\TCC\app\Controllers\CategoriaController.php(15): CodeIgniter\BaseModel->findAll()
#5 D:\TCC\Nova pasta\TCC\TCC\vendor\codeigniter4\framework\system\CodeIgniter.php(832): App\Controllers\CategoriaController->index()
#6 D:\TCC\Nova pasta\TCC\TCC\vendor\codeigniter4\framework\system\CodeIgniter.php(419): CodeIgniter\CodeIgniter->runController()
#7 D:\TCC\Nova pasta\TCC\TCC\vendor\codeigniter4\framework\system\CodeIgniter.php(326): CodeIgniter\CodeIgniter->handleRequest()
#8 D:\TCC\Nova pasta\TCC\TCC\public\index.php(37): CodeIgniter\CodeIgniter->run()
#9 D:\TCC\Nova pasta\TCC\TCC\vendor\codeigniter4\framework\system\Commands\Server\rewrite.php(43): require_once('...')
#10 {main}
